#
# A fatal error has been detected by the Java Runtime Environment:
#
#  EXCEPTION_ACCESS_VIOLATION (0xc0000005) at pc=0x000001ca5ac966ac, pid=23884, tid=13304
#
# JRE version: OpenJDK Runtime Environment Temurin-21.0.7+6 (21.0.7+6) (build 21.0.7+6-LTS)
# Java VM: OpenJDK 64-Bit Server VM Temurin-21.0.7+6 (21.0.7+6-LTS, mixed mode, sharing, tiered, compressed oops, compressed class ptrs, g1 gc, windows-amd64)
# Problematic frame:
# v  ~BufferBlob::MethodHandles adapters 0x000001ca5ac966ac
#
# No core dump will be written. Minidumps are not enabled by default on client versions of Windows
#
# If you would like to submit a bug report, please visit:
#   https://github.com/adoptium/adoptium-support/issues
#

---------------  S U M M A R Y ------------

Command Line: -XX:+ShowCodeDetailsInExceptionMessages -agentlib:jdwp=transport=dt_socket,suspend=y,address=localhost:49781 -javaagent:C:\Users\bless\eclipse\jee-2025-032\eclipse\configuration\org.eclipse.osgi\440\0\.cp\lib\javaagent-shaded.jar -Dfile.encoding=UTF-8 -Dstdout.encoding=UTF-8 -Dstderr.encoding=UTF-8 com.Springbootpace.Springboot.SpringbootApplication

Host: 12th Gen Intel(R) Core(TM) i5-1235U, 12 cores, 7G,  Windows 11 , 64 bit Build 26100 (10.0.26100.4202)
Time: Sun Jun 15 18:42:35 2025 India Standard Time elapsed time: 23.796002 seconds (0d 0h 0m 23s)

---------------  T H R E A D  ---------------

Current thread (0x000001ca6d22b8e0):  JavaThread "restartedMain"        [_thread_in_Java, id=13304, stack(0x000000bceb900000,0x000000bceba00000) (1024K)]

Stack: [0x000000bceb900000,0x000000bceba00000],  sp=0x000000bceb9fe2a8,  free space=1016k
Native frames: (J=compiled Java code, j=interpreted, Vv=VM code, C=native code)
C  0x000001ca5ac966ac

The last pc belongs to _linkToSpecial (printed below).

siginfo: EXCEPTION_ACCESS_VIOLATION (0xc0000005), reading address 0xffffffffffffffff


Registers:
RAX=0x000001ca5ac491b4, RBX=0x883d764800000000, RCX=0x000000bceb9fe2b0, RDX=0x0000000000000002
RSP=0x000000bceb9fe2a8, RBP=0x000000bceb9fe2f8, RSI=0x000001ca6efc36f8, RDI=0x000001ca726d1620
R8 =0x0000000000000004, R9 =0x0000000000000004, R10=0x000001ca012b4850, R11=0x000001ca000b5bd0
R12=0x0000000000000000, R13=0x000000bceb9fe2a8, R14=0x000000bceb9fe318, R15=0x000001ca6d22b8e0
RIP=0x000001ca5ac966ac, EFLAGS=0x0000000000010202

XMM[0]=0x0000000000000000 0x0000000000000000
XMM[1]=0x0000000000000000 0x0000000000000000
XMM[2]=0x0000000000000000 0x0000000000000000
XMM[3]=0x0000000000000000 0x0000000000000000
XMM[4]=0x0000000000000000 0x0000000000000000
XMM[5]=0x0000000000000000 0x0000000000000000
XMM[6]=0x765272ef7f3170de 0xd9f4a92748ab63d2
XMM[7]=0x547b1bd395da3a92 0x7390eba53b68cd3d
XMM[8]=0x061c30efbd69ecf1 0x4022aee2cb990db9
XMM[9]=0x2c661aee2c661aee 0x2c661aee1865510b
XMM[10]=0x0000000000000000 0x00000000ebff361d
XMM[11]=0xcf774ac1cf774ac1 0xcf774ac1e7dc9bcc
XMM[12]=0x0000000000000000 0x000000001865510b
XMM[13]=0x0000000000000000 0x0000000000000000
XMM[14]=0x0000000000000000 0x0000000000000000
XMM[15]=0x0000000000000000 0x0000000000000000
  MXCSR=0x00001fa0


Register to memory mapping:

RAX=0x000001ca5ac491b4 is at code_begin+3380 in an Interpreter codelet
return entry points  [0x000001ca5ac48480, 0x000001ca5ac4a590]  8464 bytes
RBX=0x883d764800000000 is an unknown value
RCX=0x000000bceb9fe2b0 is pointing into the stack for thread: 0x000001ca6d22b8e0
RDX=0x0000000000000002 is an unknown value
RSP=0x000000bceb9fe2a8 is pointing into the stack for thread: 0x000001ca6d22b8e0
RBP=0x000000bceb9fe2f8 is pointing into the stack for thread: 0x000001ca6d22b8e0
RSI=0x000001ca6efc36f8 points into unknown readable memory: 0x800007ca65aa11cc | cc 11 aa 65 ca 07 00 80
RDI=0x000001ca726d1620 points into unknown readable memory: 0x0000001800000070 | 70 00 00 00 18 00 00 00
R8 =0x0000000000000004 is an unknown value
R9 =0x0000000000000004 is an unknown value
R10=0x000001ca012b4850 is a pointer to class: 
com.Springbootpace.Springboot.Controller.UserController {0x000001ca012b4858}
 - instance size:     2
 - klass size:        66
 - access:            public synchronized 
 - flags:             rewritten should_verify_class has_localvariable_table has_resolved_methods has_been_redefined 
 - state:             fully_initialized
 - name:              'com/Springbootpace/Springboot/Controller/UserController'
 - super:             'java/lang/Object'
 - sub:               
 - arrays:            null
 - methods:           Array<T>(0x000001ca6b731558)
 - method ordering:   Array<T>(0x000001ca6b731a40)
 - local interfaces:  Array<T>(0x000001ca006115c8)
 - trans. interfaces: Array<T>(0x000001ca006115c8)
 - constants:         constant pool [96] {0x000001ca6b732040} for 'com/Springbootpace/Springboot/Controller/UserController' cache=0x000001ca6b7323b8
 - class loader data:  loader data: 0x000001ca6cb62440 for instance a 'org/springframework/boot/devtools/restart/classloader/RestartClassLoader'{0x00000000fff01bc0}
 - source file:       'UserController.java'
 - source debug extension:       SMAP
UserController.java
Java
*S jdt
*F
1 UserController.java
2 file:/C:/Users/bless/OneDrive/Desktop/paceSpringboot/Springboot/target/classes/
*L
*E

 - class annotations:       Array<T>(0x000001ca6b7319e0)
 - inner classes:     Array<T>(0x000001ca00611550)
 - nest members:     Array<T>(0x000001ca00611550)
 - permitted subclasses:     Array<T>(0x000001ca00611550)
 - java mirror:       a 'java/lang/Class'{0x0000000085a25e88} = 'com/Springbootpace/Springboot/Controller/UserController'
 - vtable length      8  (start addr: 0x000001ca012b4a10)
 - itable length      2 (start addr: 0x000001ca012b4a50)
 - ---- static fields (0 words):
 - ---- non-static fields (0 words):
 - non-static oop maps: 
R11={method} {0x000001ca000b5bd8} 'newInvokeSpecial' '(Ljava/lang/Object;)Ljava/lang/Object;' in 'java/lang/invoke/DirectMethodHandle$Holder'
R12=0x0 is null
R13=0x000000bceb9fe2a8 is pointing into the stack for thread: 0x000001ca6d22b8e0
R14=0x000000bceb9fe318 is pointing into the stack for thread: 0x000001ca6d22b8e0
R15=0x000001ca6d22b8e0 is a thread

Top of Stack: (sp=0x000000bceb9fe2a8)
0x000000bceb9fe2a8:   000001ca5ac491b4 000000bceb9fe2b0
0x000000bceb9fe2b8:   000001ca0072b5e7 0000000000000004
0x000000bceb9fe2c8:   000001ca000b1088 000001ca6893a588
0x000000bceb9fe2d8:   000000008564c4e0 000001ca000b5bd0
0x000000bceb9fe2e8:   000000bceb9fe2a8 000000bceb9fe320
0x000000bceb9fe2f8:   000000bceb9fe6c0 000001ca53c26c4a
0x000000bceb9fe308:   00000000883d7550 00000000883d75f8
0x000000bceb9fe318:   00000000883d75b0 000000008564e2d8
0x000000bceb9fe328:   00000000883d7580 0000000000000000
0x000000bceb9fe338:   000000bceb9fd7e8 0000000000000000
0x000000bceb9fe348:   0000000000000002 00000000fc322be5
0x000000bceb9fe358:   000001ca74a41568 000000bceb9fe6c0
0x000000bceb9fe368:   000001ca537979cc 0000000000000001
0x000000bceb9fe378:   000001ca53a20f82 00000000883d73b8
0x000000bceb9fe388:   000001ca6b734b01 0000000000000001
0x000000bceb9fe398:   00000000000000b3 000000bceb9fd050
0x000000bceb9fe3a8:   000000bceb9fd100 000001ca6d22b8e0
0x000000bceb9fe3b8:   00007ffaf61c3eed 000001ca6d22b8e0
0x000000bceb9fe3c8:   00000000883d75e0 00000000883d73a8
0x000000bceb9fe3d8:   0000000000000000 00000000883d7218
0x000000bceb9fe3e8:   000001ca6d22b809 00000000883d7350
0x000000bceb9fe3f8:   000001ca00487438 0000000085a25e88
0x000000bceb9fe408:   0000000000000001 000000bceb9fe6c0
0x000000bceb9fe418:   000001ca53f87dec 00000000883d7350
0x000000bceb9fe428:   00000000883d75b0 0000000000000001
0x000000bceb9fe438:   000001ca5b64075c 00000000883d7350
0x000000bceb9fe448:   00000000fffec018 0000000085a25e88
0x000000bceb9fe458:   0000000085a25e88 000001ca00000001
0x000000bceb9fe468:   0000000000000000 00000000883d7350
0x000000bceb9fe478:   0000000000000000 00000000883d7218
0x000000bceb9fe488:   00000000883d75e0 000000000000003e
0x000000bceb9fe498:   0000000000000000 0000000000000000 

Instructions: (pc=0x000001ca5ac966ac)
0x000001ca5ac965ac:   8b 59 14 8b 5b 28 8b 5b 24 48 8b 5b 10 48 85 db
0x000001ca5ac965bc:   0f 84 10 00 00 00 41 80 bf d8 05 00 00 00 74 03
0x000001ca5ac965cc:   ff 63 38 ff 63 50 e9 29 c0 fd ff 66 0f 1f 84 00
0x000001ca5ac965dc:   00 00 00 00 48 8b 53 08 0f b7 52 2e 48 8b 0c d4
0x000001ca5ac965ec:   58 5b 50 44 8b 51 08 49 bb 00 00 00 00 ca 01 00
0x000001ca5ac965fc:   00 4d 03 d3 4c 8b 5b 10 4b 8b 9c da c0 01 00 00
0x000001ca5ac9660c:   48 85 db 0f 84 10 00 00 00 41 80 bf d8 05 00 00
0x000001ca5ac9661c:   00 74 03 ff 63 38 ff 63 50 e9 d6 bf fd ff 66 66
0x000001ca5ac9662c:   66 0f 1f 84 00 00 00 00 00 66 66 66 90 0f 1f 80
0x000001ca5ac9663c:   00 00 00 00 58 5b 50 8b 5b 24 48 8b 5b 10 48 85
0x000001ca5ac9664c:   db 0f 84 10 00 00 00 41 80 bf d8 05 00 00 00 74
0x000001ca5ac9665c:   03 ff 63 38 ff 63 50 e9 98 bf fd ff 66 66 66 0f
0x000001ca5ac9666c:   1f 84 00 00 00 00 00 66 66 66 90 66 0f 1f 84 00
0x000001ca5ac9667c:   00 00 00 00 48 8b 53 08 0f b7 52 2e 48 8b 0c d4
0x000001ca5ac9668c:   58 5b 50 48 3b 01 8b 5b 24 48 8b 5b 10 48 85 db
0x000001ca5ac9669c:   0f 84 10 00 00 00 41 80 bf d8 05 00 00 00 74 03
0x000001ca5ac966ac:   ff 63 38 ff 63 50 e9 49 bf fd ff 66 0f 1f 84 00
0x000001ca5ac966bc:   00 00 00 00 48 8b 53 08 0f b7 52 2e 48 8b 0c d4
0x000001ca5ac966cc:   58 5b 50 44 8b 51 08 49 bb 00 00 00 00 ca 01 00
0x000001ca5ac966dc:   00 4d 03 d3 8b 43 18 48 8b 40 10 48 8b 5b 10 45
0x000001ca5ac966ec:   8b 9a a0 00 00 00 4f 8d 9c da c0 01 00 00 4d 8d
0x000001ca5ac966fc:   14 da 49 8b 1b 48 3b c3 74 15 48 85 db 0f 84 32
0x000001ca5ac9670c:   00 00 00 49 83 c3 10 49 8b 1b 48 3b c3 75 eb 45
0x000001ca5ac9671c:   8b 5b 08 4b 8b 1c 1a 48 85 db 0f 84 10 00 00 00
0x000001ca5ac9672c:   41 80 bf d8 05 00 00 00 74 03 ff 63 38 ff 63 50
0x000001ca5ac9673c:   e9 bf be fd ff e9 ba bb fd ff f4 00 00 00 00 00
0x000001ca5ac9674c:   00 00 00 00 00 00 00 00 00 00 00 00 00 00 00 00
0x000001ca5ac9675c:   00 00 00 00 00 00 00 00 00 00 00 00 00 00 00 00
0x000001ca5ac9676c:   00 00 00 00 00 00 00 00 00 00 00 00 00 00 00 00
0x000001ca5ac9677c:   00 00 00 00 00 00 00 00 00 00 00 00 00 00 00 00
0x000001ca5ac9678c:   00 00 00 00 00 00 00 00 00 00 00 00 00 00 00 00
0x000001ca5ac9679c:   00 00 00 00 00 00 00 00 00 00 00 00 00 00 00 00 


Stack slot to memory mapping:

stack at sp + 0 slots: 0x000001ca5ac491b4 is at code_begin+3380 in an Interpreter codelet
return entry points  [0x000001ca5ac48480, 0x000001ca5ac4a590]  8464 bytes
stack at sp + 1 slots: 0x000000bceb9fe2b0 is pointing into the stack for thread: 0x000001ca6d22b8e0
stack at sp + 2 slots: 0x000001ca0072b5e7 is pointing into metadata
stack at sp + 3 slots: 0x0000000000000004 is an unknown value
stack at sp + 4 slots: 0x000001ca000b1088 is pointing into metadata
stack at sp + 5 slots: 0x000001ca6893a588 is pointing into metadata
stack at sp + 6 slots: 0x000000008564c4e0 is an oop: java.lang.Class 
{0x000000008564c4e0} - klass: 'java/lang/Class'
 - ---- fields (total size 14 words):
 - private volatile transient 'classRedefinedCount' 'I' @12  0 (0x00000000)
 - injected 'klass' 'J' @16  1967095745632 (0x000001ca000b0c60)
 - injected 'array_klass' 'J' @24  0 (0x0000000000000000)
 - injected 'oop_size' 'I' @32  14 (0x0000000e)
 - injected 'static_oop_field_count' 'I' @36  0 (0x00000000)
 - private volatile transient 'cachedConstructor' 'Ljava/lang/reflect/Constructor;' @40  null (0x00000000)
 - private transient 'name' 'Ljava/lang/String;' @44  null (0x00000000)
 - private transient 'module' 'Ljava/lang/Module;' @48  a 'java/lang/Module'{0x000000008563cc20} (0x8563cc20)
 - private final 'classLoader' 'Ljava/lang/ClassLoader;' @52  null (0x00000000)
 - private transient 'classData' 'Ljava/lang/Object;' @56  null (0x00000000)
 - private transient 'packageName' 'Ljava/lang/String;' @60  null (0x00000000)
 - private final 'componentType' 'Ljava/lang/Class;' @64  null (0x00000000)
 - private volatile transient 'reflectionData' 'Ljava/lang/ref/SoftReference;' @68  null (0x00000000)
 - private volatile transient 'genericInfo' 'Lsun/reflect/generics/repository/ClassRepository;' @72  null (0x00000000)
 - private volatile transient 'enumConstants' '[Ljava/lang/Object;' @76  null (0x00000000)
 - private volatile transient 'enumConstantDirectory' 'Ljava/util/Map;' @80  null (0x00000000)
 - private volatile transient 'annotationData' 'Ljava/lang/Class$AnnotationData;' @84  null (0x00000000)
 - private volatile transient 'annotationType' 'Lsun/reflect/annotation/AnnotationType;' @88  null (0x00000000)
 - transient 'classValueMap' 'Ljava/lang/ClassValue$ClassValueMap;' @92  null (0x00000000)
 - injected 'protection_domain' 'Ljava/lang/Object;' @96  null (0x00000000)
 - injected 'signers_name' 'Ljava/lang/Object;' @100  null (0x00000000)
 - injected 'source_file' 'Ljava/lang/Object;' @104  null (0x00000000)
 - injected '<init_lock>' 'Ljava/lang/Object;' @108  null (0x00000000)
 - signature: Ljava/lang/invoke/DirectMethodHandle$Holder;
 - ---- static fields (0):
stack at sp + 7 slots: {method} {0x000001ca000b5bd8} 'newInvokeSpecial' '(Ljava/lang/Object;)Ljava/lang/Object;' in 'java/lang/invoke/DirectMethodHandle$Holder'

MethodHandle::interpreter_entry::_linkToSpecial [0x000001ca5ac96668, 0x000001ca5ac966b7] (79 bytes)
[MachCode]
  0x000001ca5ac96668: 6666 660f | 1f84 0000 | 0000 0066 | 6666 9066 | 0f1f 8400 | 0000 0000 | 488b 5308 | 0fb7 522e 
  0x000001ca5ac96688: 488b 0cd4 | 585b 5048 | 3b01 8b5b | 2448 8b5b | 1048 85db | 0f84 1000 | 0000 4180 | bfd8 0500 
  0x000001ca5ac966a8: 0000 7403 | ff63 38ff | 6350 e949 | 
[/MachCode]

---------------  P R O C E S S  ---------------

Threads class SMR info:
_java_thread_list=0x000001ca7201d600, length=21, elements={
0x000001ca4fd73b40, 0x000001ca67f3d6e0, 0x000001ca67f3e130, 0x000001ca67f452e0,
0x000001ca67f45d30, 0x000001ca67f469e0, 0x000001ca67f47560, 0x000001ca67f537f0,
0x000001ca67f57500, 0x000001ca6c0df410, 0x000001ca6c17b7a0, 0x000001ca6c232cf0,
0x000001ca6c233770, 0x000001ca6ca438d0, 0x000001ca6cd98020, 0x000001ca6d22b8e0,
0x000001ca67f7dca0, 0x000001ca7208ae50, 0x000001ca6e499c00, 0x000001ca72506320,
0x000001ca72507040
}

Java Threads: ( => current thread )
  0x000001ca4fd73b40 JavaThread "main"                              [_thread_blocked, id=18436, stack(0x000000bce9a00000,0x000000bce9b00000) (1024K)]
  0x000001ca67f3d6e0 JavaThread "Reference Handler"          daemon [_thread_blocked, id=22476, stack(0x000000bcea200000,0x000000bcea300000) (1024K)]
  0x000001ca67f3e130 JavaThread "Finalizer"                  daemon [_thread_blocked, id=17000, stack(0x000000bcea300000,0x000000bcea400000) (1024K)]
  0x000001ca67f452e0 JavaThread "Signal Dispatcher"          daemon [_thread_blocked, id=8828, stack(0x000000bcea400000,0x000000bcea500000) (1024K)]
  0x000001ca67f45d30 JavaThread "Attach Listener"            daemon [_thread_blocked, id=5880, stack(0x000000bcea500000,0x000000bcea600000) (1024K)]
  0x000001ca67f469e0 JavaThread "Service Thread"             daemon [_thread_blocked, id=27100, stack(0x000000bcea600000,0x000000bcea700000) (1024K)]
  0x000001ca67f47560 JavaThread "Monitor Deflation Thread"   daemon [_thread_blocked, id=5296, stack(0x000000bcea700000,0x000000bcea800000) (1024K)]
  0x000001ca67f537f0 JavaThread "C2 CompilerThread0"         daemon [_thread_blocked, id=18856, stack(0x000000bcea800000,0x000000bcea900000) (1024K)]
  0x000001ca67f57500 JavaThread "C1 CompilerThread0"         daemon [_thread_blocked, id=19208, stack(0x000000bcea900000,0x000000bceaa00000) (1024K)]
  0x000001ca6c0df410 JavaThread "Common-Cleaner"             daemon [_thread_blocked, id=22624, stack(0x000000bceaa00000,0x000000bceab00000) (1024K)]
  0x000001ca6c17b7a0 JavaThread "JDWP Transport Listener: dt_socket" daemon [_thread_blocked, id=23584, stack(0x000000bceab00000,0x000000bceac00000) (1024K)]
  0x000001ca6c232cf0 JavaThread "JDWP Event Helper Thread"   daemon [_thread_blocked, id=5808, stack(0x000000bceac00000,0x000000bcead00000) (1024K)]
  0x000001ca6c233770 JavaThread "JDWP Command Reader"        daemon [_thread_in_native, id=24436, stack(0x000000bcead00000,0x000000bceae00000) (1024K)]
  0x000001ca6ca438d0 JavaThread "Notification Thread"        daemon [_thread_blocked, id=21196, stack(0x000000bceb000000,0x000000bceb100000) (1024K)]
  0x000001ca6cd98020 JavaThread "Thread-0"                          [_thread_blocked, id=18444, stack(0x000000bceb800000,0x000000bceb900000) (1024K)]
=>0x000001ca6d22b8e0 JavaThread "restartedMain"                     [_thread_in_Java, id=13304, stack(0x000000bceb900000,0x000000bceba00000) (1024K)]
  0x000001ca67f7dca0 JavaThread "Catalina-utility-1"                [_thread_blocked, id=26772, stack(0x000000bcebe00000,0x000000bcebf00000) (1024K)]
  0x000001ca7208ae50 JavaThread "Catalina-utility-2"                [_thread_blocked, id=11128, stack(0x000000bcebf00000,0x000000bcec000000) (1024K)]
  0x000001ca6e499c00 JavaThread "container-0"                       [_thread_blocked, id=16096, stack(0x000000bcec000000,0x000000bcec100000) (1024K)]
  0x000001ca72506320 JavaThread "mysql-cj-abandoned-connection-cleanup" daemon [_thread_blocked, id=28300, stack(0x000000bcec100000,0x000000bcec200000) (1024K)]
  0x000001ca72507040 JavaThread "HikariPool-1:housekeeper"   daemon [_thread_blocked, id=22280, stack(0x000000bcec300000,0x000000bcec400000) (1024K)]
Total: 21

Other Threads:
  0x000001ca67f25b10 VMThread "VM Thread"                           [id=22080, stack(0x000000bcea100000,0x000000bcea200000) (1024K)]
  0x000001ca67f08be0 WatcherThread "VM Periodic Task Thread"        [id=25352, stack(0x000000bcea000000,0x000000bcea100000) (1024K)]
  0x000001ca4fdca3a0 WorkerThread "GC Thread#0"                     [id=2940, stack(0x000000bce9b00000,0x000000bce9c00000) (1024K)]
  0x000001ca6ce23dd0 WorkerThread "GC Thread#1"                     [id=11940, stack(0x000000bceb100000,0x000000bceb200000) (1024K)]
  0x000001ca6ccd4340 WorkerThread "GC Thread#2"                     [id=21824, stack(0x000000bceb200000,0x000000bceb300000) (1024K)]
  0x000001ca6ce67310 WorkerThread "GC Thread#3"                     [id=27092, stack(0x000000bceb300000,0x000000bceb400000) (1024K)]
  0x000001ca6ce676b0 WorkerThread "GC Thread#4"                     [id=26848, stack(0x000000bceb400000,0x000000bceb500000) (1024K)]
  0x000001ca6cd0e6f0 WorkerThread "GC Thread#5"                     [id=25320, stack(0x000000bceb500000,0x000000bceb600000) (1024K)]
  0x000001ca6cd0ea90 WorkerThread "GC Thread#6"                     [id=1760, stack(0x000000bceb600000,0x000000bceb700000) (1024K)]
  0x000001ca6cd0ee30 WorkerThread "GC Thread#7"                     [id=25988, stack(0x000000bceb700000,0x000000bceb800000) (1024K)]
  0x000001ca6cd1d1b0 WorkerThread "GC Thread#8"                     [id=3256, stack(0x000000bceba00000,0x000000bcebb00000) (1024K)]
  0x000001ca6cd1ce10 WorkerThread "GC Thread#9"                     [id=19908, stack(0x000000bcebb00000,0x000000bcebc00000) (1024K)]
  0x000001ca4fdda940 ConcurrentGCThread "G1 Main Marker"            [id=8532, stack(0x000000bce9c00000,0x000000bce9d00000) (1024K)]
  0x000001ca4fddca60 WorkerThread "G1 Conc#0"                       [id=22240, stack(0x000000bce9d00000,0x000000bce9e00000) (1024K)]
  0x000001ca6cd1ca70 WorkerThread "G1 Conc#1"                       [id=1224, stack(0x000000bcebc00000,0x000000bcebd00000) (1024K)]
  0x000001ca6da9ce00 WorkerThread "G1 Conc#2"                       [id=24940, stack(0x000000bcebd00000,0x000000bcebe00000) (1024K)]
  0x000001ca67dd59a0 ConcurrentGCThread "G1 Refine#0"               [id=21356, stack(0x000000bce9e00000,0x000000bce9f00000) (1024K)]
  0x000001ca67dd71d0 ConcurrentGCThread "G1 Service"                [id=13752, stack(0x000000bce9f00000,0x000000bcea000000) (1024K)]
Total: 18

Threads with active compile tasks:
Total: 0

VM state: not at safepoint (normal execution)

VM Mutex/Monitor currently owned by a thread: None

Heap address: 0x0000000085200000, size: 1966 MB, Compressed Oops mode: 32-bit

CDS archive(s) mapped at: [0x000001ca00000000-0x000001ca00c80000-0x000001ca00c80000), size 13107200, SharedBaseAddress: 0x000001ca00000000, ArchiveRelocationMode: 1.
Compressed class space mapped at: 0x000001ca01000000-0x000001ca41000000, reserved size: 1073741824
Narrow klass base: 0x000001ca00000000, Narrow klass shift: 0, Narrow klass range: 0x100000000

GC Precious Log:
 CardTable entry size: 512
 Card Set container configuration: InlinePtr #cards 5 size 8 Array Of Cards #cards 12 size 40 Howl #buckets 4 coarsen threshold 1843 Howl Bitmap #cards 512 size 80 coarsen threshold 460 Card regions per heap region 1 cards per card region 2048
 CPUs: 12 total, 12 available
 Memory: 7860M
 Large Page Support: Disabled
 NUMA Support: Disabled
 Compressed Oops: Enabled (32-bit)
 Heap Region Size: 1M
 Heap Min Capacity: 8M
 Heap Initial Capacity: 124M
 Heap Max Capacity: 1966M
 Pre-touch: Disabled
 Parallel Workers: 10
 Concurrent Workers: 3
 Concurrent Refinement Workers: 10
 Periodic GC: Disabled

Heap:
 garbage-first heap   total 70656K, used 46897K [0x0000000085200000, 0x0000000100000000)
  region size 1024K, 24 young (24576K), 4 survivors (4096K)
 Metaspace       used 64708K, committed 65344K, reserved 1114112K
  class space    used 8422K, committed 8704K, reserved 1048576K

Heap Regions: E=young(eden), S=young(survivor), O=old, HS=humongous(starts), HC=humongous(continues), CS=collection set, F=free, TAMS=top-at-mark-start, PB=parsable bottom
|   0|0x0000000085200000, 0x0000000085300000, 0x0000000085300000|100%|HS|  |TAMS 0x0000000085200000| PB 0x0000000085200000| Complete 
|   1|0x0000000085300000, 0x0000000085400000, 0x0000000085400000|100%|HS|  |TAMS 0x0000000085300000| PB 0x0000000085300000| Complete 
|   2|0x0000000085400000, 0x0000000085500000, 0x0000000085500000|100%| O|  |TAMS 0x0000000085400000| PB 0x0000000085400000| Untracked 
|   3|0x0000000085500000, 0x0000000085600000, 0x0000000085600000|100%| O|  |TAMS 0x0000000085500000| PB 0x0000000085500000| Untracked 
|   4|0x0000000085600000, 0x0000000085700000, 0x0000000085700000|100%| O|  |TAMS 0x0000000085600000| PB 0x0000000085600000| Untracked 
|   5|0x0000000085700000, 0x0000000085800000, 0x0000000085800000|100%| O|  |TAMS 0x0000000085700000| PB 0x0000000085700000| Untracked 
|   6|0x0000000085800000, 0x0000000085900000, 0x0000000085900000|100%| O|  |TAMS 0x0000000085800000| PB 0x0000000085800000| Untracked 
|   7|0x0000000085900000, 0x0000000085a00000, 0x0000000085a00000|100%| O|  |TAMS 0x0000000085900000| PB 0x0000000085900000| Untracked 
|   8|0x0000000085a00000, 0x0000000085b00000, 0x0000000085b00000|100%| O|  |TAMS 0x0000000085a00000| PB 0x0000000085a00000| Untracked 
|   9|0x0000000085b00000, 0x0000000085c00000, 0x0000000085c00000|100%| O|  |TAMS 0x0000000085b00000| PB 0x0000000085b00000| Untracked 
|  10|0x0000000085c00000, 0x0000000085d00000, 0x0000000085d00000|100%| O|  |TAMS 0x0000000085c00000| PB 0x0000000085c00000| Untracked 
|  11|0x0000000085d00000, 0x0000000085e00000, 0x0000000085e00000|100%| O|  |TAMS 0x0000000085d00000| PB 0x0000000085d00000| Untracked 
|  12|0x0000000085e00000, 0x0000000085f00000, 0x0000000085f00000|100%| O|Cm|TAMS 0x0000000085e00000| PB 0x0000000085e00000| Complete 
|  13|0x0000000085f00000, 0x0000000086000000, 0x0000000086000000|100%| O|  |TAMS 0x0000000085f00000| PB 0x0000000085f00000| Untracked 
|  14|0x0000000086000000, 0x0000000086100000, 0x0000000086100000|100%| O|  |TAMS 0x0000000086000000| PB 0x0000000086000000| Untracked 
|  15|0x0000000086100000, 0x0000000086200000, 0x0000000086200000|100%| O|  |TAMS 0x0000000086100000| PB 0x0000000086100000| Untracked 
|  16|0x0000000086200000, 0x0000000086300000, 0x0000000086300000|100%| O|  |TAMS 0x0000000086200000| PB 0x0000000086200000| Untracked 
|  17|0x0000000086300000, 0x0000000086400000, 0x0000000086400000|100%| O|  |TAMS 0x0000000086300000| PB 0x0000000086300000| Untracked 
|  18|0x0000000086400000, 0x0000000086500000, 0x0000000086500000|100%| O|  |TAMS 0x0000000086400000| PB 0x0000000086400000| Untracked 
|  19|0x0000000086500000, 0x0000000086600000, 0x0000000086600000|100%| O|  |TAMS 0x0000000086500000| PB 0x0000000086500000| Untracked 
|  20|0x0000000086600000, 0x0000000086700000, 0x0000000086700000|100%| O|  |TAMS 0x0000000086600000| PB 0x0000000086600000| Untracked 
|  21|0x0000000086700000, 0x00000000867d2f70, 0x0000000086800000| 82%| O|  |TAMS 0x0000000086700000| PB 0x0000000086700000| Untracked 
|  22|0x0000000086800000, 0x0000000086800000, 0x0000000086900000|  0%| F|  |TAMS 0x0000000086800000| PB 0x0000000086800000| Untracked 
|  23|0x0000000086900000, 0x0000000086900000, 0x0000000086a00000|  0%| F|  |TAMS 0x0000000086900000| PB 0x0000000086900000| Untracked 
|  24|0x0000000086a00000, 0x0000000086a00000, 0x0000000086b00000|  0%| F|  |TAMS 0x0000000086a00000| PB 0x0000000086a00000| Untracked 
|  25|0x0000000086b00000, 0x0000000086bf9540, 0x0000000086c00000| 97%| S|CS|TAMS 0x0000000086b00000| PB 0x0000000086b00000| Complete 
|  26|0x0000000086c00000, 0x0000000086d00000, 0x0000000086d00000|100%| S|CS|TAMS 0x0000000086c00000| PB 0x0000000086c00000| Complete 
|  27|0x0000000086d00000, 0x0000000086e00000, 0x0000000086e00000|100%| S|CS|TAMS 0x0000000086d00000| PB 0x0000000086d00000| Complete 
|  28|0x0000000086e00000, 0x0000000086f00000, 0x0000000086f00000|100%| S|CS|TAMS 0x0000000086e00000| PB 0x0000000086e00000| Complete 
|  29|0x0000000086f00000, 0x0000000086f00000, 0x0000000087000000|  0%| F|  |TAMS 0x0000000086f00000| PB 0x0000000086f00000| Untracked 
|  30|0x0000000087000000, 0x0000000087000000, 0x0000000087100000|  0%| F|  |TAMS 0x0000000087000000| PB 0x0000000087000000| Untracked 
|  31|0x0000000087100000, 0x0000000087100000, 0x0000000087200000|  0%| F|  |TAMS 0x0000000087100000| PB 0x0000000087100000| Untracked 
|  32|0x0000000087200000, 0x0000000087200000, 0x0000000087300000|  0%| F|  |TAMS 0x0000000087200000| PB 0x0000000087200000| Untracked 
|  33|0x0000000087300000, 0x0000000087300000, 0x0000000087400000|  0%| F|  |TAMS 0x0000000087300000| PB 0x0000000087300000| Untracked 
|  34|0x0000000087400000, 0x0000000087400000, 0x0000000087500000|  0%| F|  |TAMS 0x0000000087400000| PB 0x0000000087400000| Untracked 
|  35|0x0000000087500000, 0x0000000087500000, 0x0000000087600000|  0%| F|  |TAMS 0x0000000087500000| PB 0x0000000087500000| Untracked 
|  36|0x0000000087600000, 0x0000000087600000, 0x0000000087700000|  0%| F|  |TAMS 0x0000000087600000| PB 0x0000000087600000| Untracked 
|  37|0x0000000087700000, 0x0000000087700000, 0x0000000087800000|  0%| F|  |TAMS 0x0000000087700000| PB 0x0000000087700000| Untracked 
|  38|0x0000000087800000, 0x0000000087800000, 0x0000000087900000|  0%| F|  |TAMS 0x0000000087800000| PB 0x0000000087800000| Untracked 
|  39|0x0000000087900000, 0x0000000087900000, 0x0000000087a00000|  0%| F|  |TAMS 0x0000000087900000| PB 0x0000000087900000| Untracked 
|  40|0x0000000087a00000, 0x0000000087a00000, 0x0000000087b00000|  0%| F|  |TAMS 0x0000000087a00000| PB 0x0000000087a00000| Untracked 
|  41|0x0000000087b00000, 0x0000000087b00000, 0x0000000087c00000|  0%| F|  |TAMS 0x0000000087b00000| PB 0x0000000087b00000| Untracked 
|  42|0x0000000087c00000, 0x0000000087c00000, 0x0000000087d00000|  0%| F|  |TAMS 0x0000000087c00000| PB 0x0000000087c00000| Untracked 
|  43|0x0000000087d00000, 0x0000000087d00000, 0x0000000087e00000|  0%| F|  |TAMS 0x0000000087d00000| PB 0x0000000087d00000| Untracked 
|  44|0x0000000087e00000, 0x0000000087e00000, 0x0000000087f00000|  0%| F|  |TAMS 0x0000000087e00000| PB 0x0000000087e00000| Untracked 
|  45|0x0000000087f00000, 0x0000000087f00000, 0x0000000088000000|  0%| F|  |TAMS 0x0000000087f00000| PB 0x0000000087f00000| Untracked 
|  46|0x0000000088000000, 0x0000000088000000, 0x0000000088100000|  0%| F|  |TAMS 0x0000000088000000| PB 0x0000000088000000| Untracked 
|  47|0x0000000088100000, 0x0000000088100000, 0x0000000088200000|  0%| F|  |TAMS 0x0000000088100000| PB 0x0000000088100000| Untracked 
|  48|0x0000000088200000, 0x00000000882c5310, 0x0000000088300000| 77%| E|  |TAMS 0x0000000088200000| PB 0x0000000088200000| Complete 
|  49|0x0000000088300000, 0x0000000088400000, 0x0000000088400000|100%| E|CS|TAMS 0x0000000088300000| PB 0x0000000088300000| Complete 
|  50|0x0000000088400000, 0x0000000088500000, 0x0000000088500000|100%| E|CS|TAMS 0x0000000088400000| PB 0x0000000088400000| Complete 
|  51|0x0000000088500000, 0x0000000088600000, 0x0000000088600000|100%| E|CS|TAMS 0x0000000088500000| PB 0x0000000088500000| Complete 
|  52|0x0000000088600000, 0x0000000088700000, 0x0000000088700000|100%| E|CS|TAMS 0x0000000088600000| PB 0x0000000088600000| Complete 
|  53|0x0000000088700000, 0x0000000088800000, 0x0000000088800000|100%| E|CS|TAMS 0x0000000088700000| PB 0x0000000088700000| Complete 
|  54|0x0000000088800000, 0x0000000088900000, 0x0000000088900000|100%| E|CS|TAMS 0x0000000088800000| PB 0x0000000088800000| Complete 
|  55|0x0000000088900000, 0x0000000088a00000, 0x0000000088a00000|100%| E|CS|TAMS 0x0000000088900000| PB 0x0000000088900000| Complete 
|  56|0x0000000088a00000, 0x0000000088b00000, 0x0000000088b00000|100%| E|CS|TAMS 0x0000000088a00000| PB 0x0000000088a00000| Complete 
|  57|0x0000000088b00000, 0x0000000088c00000, 0x0000000088c00000|100%| E|CS|TAMS 0x0000000088b00000| PB 0x0000000088b00000| Complete 
|  58|0x0000000088c00000, 0x0000000088d00000, 0x0000000088d00000|100%| E|CS|TAMS 0x0000000088c00000| PB 0x0000000088c00000| Complete 
|  59|0x0000000088d00000, 0x0000000088e00000, 0x0000000088e00000|100%| E|CS|TAMS 0x0000000088d00000| PB 0x0000000088d00000| Complete 
|  66|0x0000000089400000, 0x0000000089500000, 0x0000000089500000|100%| E|CS|TAMS 0x0000000089400000| PB 0x0000000089400000| Complete 
|  67|0x0000000089500000, 0x0000000089600000, 0x0000000089600000|100%| E|CS|TAMS 0x0000000089500000| PB 0x0000000089500000| Complete 
|  68|0x0000000089600000, 0x0000000089700000, 0x0000000089700000|100%| E|CS|TAMS 0x0000000089600000| PB 0x0000000089600000| Complete 
|  69|0x0000000089700000, 0x0000000089800000, 0x0000000089800000|100%| E|CS|TAMS 0x0000000089700000| PB 0x0000000089700000| Complete 
|  70|0x0000000089800000, 0x0000000089900000, 0x0000000089900000|100%| E|CS|TAMS 0x0000000089800000| PB 0x0000000089800000| Complete 
|  71|0x0000000089900000, 0x0000000089a00000, 0x0000000089a00000|100%| E|CS|TAMS 0x0000000089900000| PB 0x0000000089900000| Complete 
|  72|0x0000000089a00000, 0x0000000089b00000, 0x0000000089b00000|100%| E|CS|TAMS 0x0000000089a00000| PB 0x0000000089a00000| Complete 
| 123|0x000000008cd00000, 0x000000008ce00000, 0x000000008ce00000|100%| E|CS|TAMS 0x000000008cd00000| PB 0x000000008cd00000| Complete 
|1965|0x00000000fff00000, 0x0000000100000000, 0x0000000100000000|100%| O|  |TAMS 0x00000000fff00000| PB 0x00000000fff00000| Untracked 

Card table byte_map: [0x000001ca63040000,0x000001ca63420000] _byte_map_base: 0x000001ca62c17000

Marking Bits: (CMBitMap*) 0x000001ca4fdcaaa0
 Bits: [0x000001ca63420000, 0x000001ca652d8000)

Polling page: 0x000001ca4db90000

Metaspace:

Usage:
  Non-class:     54.97 MB used.
      Class:      8.23 MB used.
       Both:     63.19 MB used.

Virtual space:
  Non-class space:       64.00 MB reserved,      55.31 MB ( 86%) committed,  1 nodes.
      Class space:        1.00 GB reserved,       8.50 MB ( <1%) committed,  1 nodes.
             Both:        1.06 GB reserved,      63.81 MB (  6%) committed. 

Chunk freelists:
   Non-Class:  8.28 MB
       Class:  7.50 MB
        Both:  15.78 MB

MaxMetaspaceSize: unlimited
CompressedClassSpaceSize: 1.00 GB
Initial GC threshold: 21.00 MB
Current GC threshold: 98.25 MB
CDS: on
 - commit_granule_bytes: 65536.
 - commit_granule_words: 8192.
 - virtual_space_node_default_size: 8388608.
 - enlarge_chunks_in_place: 1.
 - use_allocation_guard: 0.


Internal statistics:

num_allocs_failed_limit: 9.
num_arena_births: 838.
num_arena_deaths: 0.
num_vsnodes_births: 2.
num_vsnodes_deaths: 0.
num_space_committed: 1021.
num_space_uncommitted: 0.
num_chunks_returned_to_freelist: 9.
num_chunks_taken_from_freelist: 3069.
num_chunk_merges: 6.
num_chunk_splits: 2189.
num_chunks_enlarged: 1696.
num_inconsistent_stats: 0.

CodeHeap 'non-profiled nmethods': size=120000Kb used=4224Kb max_used=4621Kb free=115775Kb
 bounds [0x000001ca5b1e0000, 0x000001ca5b670000, 0x000001ca62710000]
CodeHeap 'profiled nmethods': size=120000Kb used=11133Kb max_used=11638Kb free=108866Kb
 bounds [0x000001ca53710000, 0x000001ca54280000, 0x000001ca5ac40000]
CodeHeap 'non-nmethods': size=5760Kb used=1778Kb max_used=1839Kb free=3981Kb
 bounds [0x000001ca5ac40000, 0x000001ca5aeb0000, 0x000001ca5b1e0000]
 total_blobs=6179 nmethods=5441 adapters=641
 compilation: enabled
              stopped_count=0, restarted_count=0
 full_count=0

Compilation events (20 events):
Event: 10.362 Thread 0x000001ca6c283b30 nmethod 6000 0x000001ca5b337010 code [0x000001ca5b337b40, 0x000001ca5b342fd8]
Event: 10.363 Thread 0x000001ca6c283b30 5986       4       org.springframework.core.annotation.AnnotationsScanner::isWithoutHierarchy (115 bytes)
Event: 10.370 Thread 0x000001ca6c283b30 nmethod 5986 0x000001ca5b3f6890 code [0x000001ca5b3f6a80, 0x000001ca5b3f7080]
Event: 10.370 Thread 0x000001ca6c283b30 6004       4       org.springframework.core.BridgeMethodResolver::resolveBridgeMethod (180 bytes)
Event: 10.513 Thread 0x000001ca6c283b30 nmethod 6004 0x000001ca5b388890 code [0x000001ca5b388f00, 0x000001ca5b38d1f8]
Event: 10.513 Thread 0x000001ca6c283b30 5989       4       org.springframework.core.annotation.AnnotationsScanner::hasPlainJavaAnnotationsOnly (41 bytes)
Event: 10.520 Thread 0x000001ca6c283b30 nmethod 5989 0x000001ca5b387f10 code [0x000001ca5b3880e0, 0x000001ca5b388490]
Event: 10.520 Thread 0x000001ca6c283b30 6034       4       java.util.concurrent.ConcurrentMap::computeIfAbsent (51 bytes)
Event: 10.521 Thread 0x000001ca6c283b30 nmethod 6034 0x000001ca5b387810 code [0x000001ca5b3879c0, 0x000001ca5b387b58]
Event: 10.521 Thread 0x000001ca6c283b30 5983       4       org.springframework.core.annotation.MergedAnnotations::from (41 bytes)
Event: 10.541 Thread 0x000001ca6c283b30 nmethod 5983 0x000001ca5b3dee90 code [0x000001ca5b3df120, 0x000001ca5b3e0420]
Event: 10.541 Thread 0x000001ca6c283b30 5984       4       org.springframework.core.annotation.TypeMappedAnnotations::from (27 bytes)
Event: 10.562 Thread 0x000001ca6c283b30 nmethod 5984 0x000001ca5b39b010 code [0x000001ca5b39b280, 0x000001ca5b39c1d8]
Event: 10.562 Thread 0x000001ca6c283b30 5985       4       org.springframework.core.annotation.AnnotationsScanner::isKnownEmpty (62 bytes)
Event: 10.579 Thread 0x000001ca6c283b30 nmethod 5985 0x000001ca5b4d0410 code [0x000001ca5b4d0680, 0x000001ca5b4d13b0]
Event: 10.580 Thread 0x000001ca6c283b30 5978       4       java.util.Collections$EmptyList::iterator (4 bytes)
Event: 10.580 Thread 0x000001ca6c283b30 nmethod 5978 0x000001ca5b3deb90 code [0x000001ca5b3ded20, 0x000001ca5b3dedb0]
Event: 10.788 Thread 0x000001ca67f537f0 nmethod 5988 0x000001ca5b4f7c90 code [0x000001ca5b4f86a0, 0x000001ca5b500b40]
Event: 15.900 Thread 0x000001ca67f57500 6195       1       java.util.concurrent.locks.ReentrantReadWriteLock::readLock (5 bytes)
Event: 15.900 Thread 0x000001ca67f57500 nmethod 6195 0x000001ca5b3f6510 code [0x000001ca5b3f66a0, 0x000001ca5b3f6768]

GC Heap History (20 events):
Event: 6.605 GC heap before
{Heap before GC invocations=10 (full 0):
 garbage-first heap   total 58368K, used 30783K [0x0000000085200000, 0x0000000100000000)
  region size 1024K, 14 young (14336K), 3 survivors (3072K)
 Metaspace       used 35433K, committed 35968K, reserved 1114112K
  class space    used 4409K, committed 4672K, reserved 1048576K
}
Event: 6.608 GC heap after
{Heap after GC invocations=11 (full 0):
 garbage-first heap   total 58368K, used 20792K [0x0000000085200000, 0x0000000100000000)
  region size 1024K, 3 young (3072K), 3 survivors (3072K)
 Metaspace       used 35433K, committed 35968K, reserved 1114112K
  class space    used 4409K, committed 4672K, reserved 1048576K
}
Event: 7.023 GC heap before
{Heap before GC invocations=12 (full 0):
 garbage-first heap   total 58368K, used 50488K [0x0000000085200000, 0x0000000100000000)
  region size 1024K, 32 young (32768K), 3 survivors (3072K)
 Metaspace       used 38021K, committed 38528K, reserved 1114112K
  class space    used 4863K, committed 5120K, reserved 1048576K
}
Event: 7.026 GC heap after
{Heap after GC invocations=13 (full 0):
 garbage-first heap   total 58368K, used 21429K [0x0000000085200000, 0x0000000100000000)
  region size 1024K, 2 young (2048K), 2 survivors (2048K)
 Metaspace       used 38021K, committed 38528K, reserved 1114112K
  class space    used 4863K, committed 5120K, reserved 1048576K
}
Event: 7.457 GC heap before
{Heap before GC invocations=13 (full 0):
 garbage-first heap   total 58368K, used 51125K [0x0000000085200000, 0x0000000100000000)
  region size 1024K, 31 young (31744K), 2 survivors (2048K)
 Metaspace       used 41368K, committed 41920K, reserved 1114112K
  class space    used 5224K, committed 5504K, reserved 1048576K
}
Event: 7.461 GC heap after
{Heap after GC invocations=14 (full 0):
 garbage-first heap   total 58368K, used 22222K [0x0000000085200000, 0x0000000100000000)
  region size 1024K, 3 young (3072K), 3 survivors (3072K)
 Metaspace       used 41368K, committed 41920K, reserved 1114112K
  class space    used 5224K, committed 5504K, reserved 1048576K
}
Event: 8.197 GC heap before
{Heap before GC invocations=14 (full 0):
 garbage-first heap   total 58368K, used 49870K [0x0000000085200000, 0x0000000100000000)
  region size 1024K, 30 young (30720K), 3 survivors (3072K)
 Metaspace       used 46789K, committed 47296K, reserved 1114112K
  class space    used 5918K, committed 6144K, reserved 1048576K
}
Event: 8.202 GC heap after
{Heap after GC invocations=15 (full 0):
 garbage-first heap   total 58368K, used 23516K [0x0000000085200000, 0x0000000100000000)
  region size 1024K, 4 young (4096K), 4 survivors (4096K)
 Metaspace       used 46789K, committed 47296K, reserved 1114112K
  class space    used 5918K, committed 6144K, reserved 1048576K
}
Event: 8.537 GC heap before
{Heap before GC invocations=15 (full 0):
 garbage-first heap   total 58368K, used 48092K [0x0000000085200000, 0x0000000100000000)
  region size 1024K, 29 young (29696K), 4 survivors (4096K)
 Metaspace       used 49313K, committed 49920K, reserved 1114112K
  class space    used 6217K, committed 6464K, reserved 1048576K
}
Event: 8.541 GC heap after
{Heap after GC invocations=16 (full 0):
 garbage-first heap   total 58368K, used 24762K [0x0000000085200000, 0x0000000100000000)
  region size 1024K, 3 young (3072K), 3 survivors (3072K)
 Metaspace       used 49313K, committed 49920K, reserved 1114112K
  class space    used 6217K, committed 6464K, reserved 1048576K
}
Event: 8.850 GC heap before
{Heap before GC invocations=16 (full 0):
 garbage-first heap   total 58368K, used 49338K [0x0000000085200000, 0x0000000100000000)
  region size 1024K, 28 young (28672K), 3 survivors (3072K)
 Metaspace       used 51724K, committed 52224K, reserved 1114112K
  class space    used 6499K, committed 6720K, reserved 1048576K
}
Event: 8.854 GC heap after
{Heap after GC invocations=17 (full 0):
 garbage-first heap   total 58368K, used 24784K [0x0000000085200000, 0x0000000100000000)
  region size 1024K, 2 young (2048K), 2 survivors (2048K)
 Metaspace       used 51724K, committed 52224K, reserved 1114112K
  class space    used 6499K, committed 6720K, reserved 1048576K
}
Event: 9.140 GC heap before
{Heap before GC invocations=17 (full 0):
 garbage-first heap   total 58368K, used 50384K [0x0000000085200000, 0x0000000100000000)
  region size 1024K, 28 young (28672K), 2 survivors (2048K)
 Metaspace       used 55388K, committed 55936K, reserved 1114112K
  class space    used 7064K, committed 7296K, reserved 1048576K
}
Event: 9.144 GC heap after
{Heap after GC invocations=18 (full 0):
 garbage-first heap   total 70656K, used 25221K [0x0000000085200000, 0x0000000100000000)
  region size 1024K, 2 young (2048K), 2 survivors (2048K)
 Metaspace       used 55388K, committed 55936K, reserved 1114112K
  class space    used 7064K, committed 7296K, reserved 1048576K
}
Event: 9.559 GC heap before
{Heap before GC invocations=18 (full 0):
 garbage-first heap   total 70656K, used 64133K [0x0000000085200000, 0x0000000100000000)
  region size 1024K, 40 young (40960K), 2 survivors (2048K)
 Metaspace       used 59107K, committed 59712K, reserved 1114112K
  class space    used 7651K, committed 7936K, reserved 1048576K
}
Event: 9.562 GC heap after
{Heap after GC invocations=19 (full 0):
 garbage-first heap   total 70656K, used 25858K [0x0000000085200000, 0x0000000100000000)
  region size 1024K, 3 young (3072K), 3 survivors (3072K)
 Metaspace       used 59107K, committed 59712K, reserved 1114112K
  class space    used 7651K, committed 7936K, reserved 1048576K
}
Event: 9.588 GC heap before
{Heap before GC invocations=19 (full 0):
 garbage-first heap   total 70656K, used 28930K [0x0000000085200000, 0x0000000100000000)
  region size 1024K, 7 young (7168K), 3 survivors (3072K)
 Metaspace       used 59520K, committed 60096K, reserved 1114112K
  class space    used 7717K, committed 8000K, reserved 1048576K
}
Event: 9.590 GC heap after
{Heap after GC invocations=20 (full 0):
 garbage-first heap   total 70656K, used 25911K [0x0000000085200000, 0x0000000100000000)
  region size 1024K, 3 young (3072K), 3 survivors (3072K)
 Metaspace       used 59520K, committed 60096K, reserved 1114112K
  class space    used 7717K, committed 8000K, reserved 1048576K
}
Event: 10.041 GC heap before
{Heap before GC invocations=21 (full 0):
 garbage-first heap   total 70656K, used 62775K [0x0000000085200000, 0x0000000100000000)
  region size 1024K, 39 young (39936K), 3 survivors (3072K)
 Metaspace       used 62898K, committed 63616K, reserved 1114112K
  class space    used 8168K, committed 8512K, reserved 1048576K
}
Event: 10.045 GC heap after
{Heap after GC invocations=22 (full 0):
 garbage-first heap   total 70656K, used 27441K [0x0000000085200000, 0x0000000100000000)
  region size 1024K, 4 young (4096K), 4 survivors (4096K)
 Metaspace       used 62898K, committed 63616K, reserved 1114112K
  class space    used 8168K, committed 8512K, reserved 1048576K
}

Dll operation events (12 events):
Event: 0.025 Loaded shared library C:\Users\bless\.p2\pool\plugins\org.eclipse.justj.openjdk.hotspot.jre.full.win32.x86_64_21.0.7.v20250502-0916\jre\bin\java.dll
Event: 0.067 Loaded shared library C:\Users\bless\.p2\pool\plugins\org.eclipse.justj.openjdk.hotspot.jre.full.win32.x86_64_21.0.7.v20250502-0916\jre\bin\zip.dll
Event: 0.298 Loaded shared library C:\Users\bless\.p2\pool\plugins\org.eclipse.justj.openjdk.hotspot.jre.full.win32.x86_64_21.0.7.v20250502-0916\jre\bin\instrument.dll
Event: 0.305 Loaded shared library C:\Users\bless\.p2\pool\plugins\org.eclipse.justj.openjdk.hotspot.jre.full.win32.x86_64_21.0.7.v20250502-0916\jre\bin\net.dll
Event: 0.306 Loaded shared library C:\Users\bless\.p2\pool\plugins\org.eclipse.justj.openjdk.hotspot.jre.full.win32.x86_64_21.0.7.v20250502-0916\jre\bin\nio.dll
Event: 0.310 Loaded shared library C:\Users\bless\.p2\pool\plugins\org.eclipse.justj.openjdk.hotspot.jre.full.win32.x86_64_21.0.7.v20250502-0916\jre\bin\zip.dll
Event: 0.494 Loaded shared library C:\Users\bless\.p2\pool\plugins\org.eclipse.justj.openjdk.hotspot.jre.full.win32.x86_64_21.0.7.v20250502-0916\jre\bin\jimage.dll
Event: 0.559 Loaded shared library C:\Users\bless\.p2\pool\plugins\org.eclipse.justj.openjdk.hotspot.jre.full.win32.x86_64_21.0.7.v20250502-0916\jre\bin\verify.dll
Event: 1.038 Loaded shared library C:\Users\bless\.p2\pool\plugins\org.eclipse.justj.openjdk.hotspot.jre.full.win32.x86_64_21.0.7.v20250502-0916\jre\bin\management.dll
Event: 1.041 Loaded shared library C:\Users\bless\.p2\pool\plugins\org.eclipse.justj.openjdk.hotspot.jre.full.win32.x86_64_21.0.7.v20250502-0916\jre\bin\management_ext.dll
Event: 2.946 Loaded shared library C:\Users\bless\.p2\pool\plugins\org.eclipse.justj.openjdk.hotspot.jre.full.win32.x86_64_21.0.7.v20250502-0916\jre\bin\sunmscapi.dll
Event: 7.358 Loaded shared library C:\Users\bless\.p2\pool\plugins\org.eclipse.justj.openjdk.hotspot.jre.full.win32.x86_64_21.0.7.v20250502-0916\jre\bin\extnet.dll

Deoptimization events (20 events):
Event: 10.209 Thread 0x000001ca6d22b8e0 DEOPT PACKING pc=0x000001ca53cc0d1c sp=0x000000bceb9fb730
Event: 10.209 Thread 0x000001ca6d22b8e0 DEOPT UNPACKING pc=0x000001ca5ac94e42 sp=0x000000bceb9face0 mode 1
Event: 10.209 Thread 0x000001ca6d22b8e0 DEOPT PACKING pc=0x000001ca53cbe1e4 sp=0x000000bceb9fb8a0
Event: 10.209 Thread 0x000001ca6d22b8e0 DEOPT UNPACKING pc=0x000001ca5ac94e42 sp=0x000000bceb9fae40 mode 1
Event: 10.209 Thread 0x000001ca6d22b8e0 DEOPT PACKING pc=0x000001ca53e03e29 sp=0x000000bceb9fb6a0
Event: 10.209 Thread 0x000001ca6d22b8e0 DEOPT UNPACKING pc=0x000001ca5ac94e42 sp=0x000000bceb9fab78 mode 1
Event: 10.209 Thread 0x000001ca6d22b8e0 DEOPT PACKING pc=0x000001ca53cc0d1c sp=0x000000bceb9fb730
Event: 10.209 Thread 0x000001ca6d22b8e0 DEOPT UNPACKING pc=0x000001ca5ac94e42 sp=0x000000bceb9face0 mode 1
Event: 10.209 Thread 0x000001ca6d22b8e0 DEOPT PACKING pc=0x000001ca53cbe1e4 sp=0x000000bceb9fb8a0
Event: 10.209 Thread 0x000001ca6d22b8e0 DEOPT UNPACKING pc=0x000001ca5ac94e42 sp=0x000000bceb9fae40 mode 1
Event: 10.223 Thread 0x000001ca6d22b8e0 Uncommon trap: trap_request=0xffffff45 fr.pc=0x000001ca5b4e81b4 relative=0x0000000000000434
Event: 10.223 Thread 0x000001ca6d22b8e0 Uncommon trap: reason=unstable_if action=reinterpret pc=0x000001ca5b4e81b4 method=org.springframework.core.annotation.TypeMappedAnnotations$MergedAnnotationFinder.doWithAnnotations(Ljava/lang/Object;ILjava/lang/Object;[Ljava/lang/annotation/Annotation;)Lo
Event: 10.223 Thread 0x000001ca6d22b8e0 DEOPT PACKING pc=0x000001ca5b4e81b4 sp=0x000000bceb9fd3e0
Event: 10.223 Thread 0x000001ca6d22b8e0 DEOPT UNPACKING pc=0x000001ca5ac946a2 sp=0x000000bceb9fd3f0 mode 2
Event: 23.755 Thread 0x000001ca6d22b8e0 DEOPT PACKING pc=0x000001ca53ae5f1c sp=0x000000bceb9fe2b0
Event: 23.755 Thread 0x000001ca6d22b8e0 DEOPT UNPACKING pc=0x000001ca5ac94e42 sp=0x000000bceb9fd768 mode 0
Event: 23.769 Thread 0x000001ca6c17b7a0 Uncommon trap: trap_request=0xffffff45 fr.pc=0x000001ca5b545574 relative=0x0000000000000134
Event: 23.769 Thread 0x000001ca6c17b7a0 Uncommon trap: reason=unstable_if action=reinterpret pc=0x000001ca5b545574 method=sun.instrument.InstrumentationImpl.transform(Ljava/lang/Module;Ljava/lang/ClassLoader;Ljava/lang/String;Ljava/lang/Class;Ljava/security/ProtectionDomain;[BZ)[B @ 24 c2
Event: 23.769 Thread 0x000001ca6c17b7a0 DEOPT PACKING pc=0x000001ca5b545574 sp=0x000000bceabfe380
Event: 23.769 Thread 0x000001ca6c17b7a0 DEOPT UNPACKING pc=0x000001ca5ac946a2 sp=0x000000bceabfe308 mode 2

Classes loaded (20 events):
Event: 10.105 Loading class java/util/stream/ReduceOps$CountingSink done
Event: 10.105 Loading class java/util/stream/ReduceOps$CountingSink$OfRef done
Event: 10.127 Loading class java/lang/invoke/WrongMethodTypeException
Event: 10.127 Loading class java/lang/invoke/WrongMethodTypeException done
Event: 10.133 Loading class java/lang/Character$UnicodeBlock
Event: 10.134 Loading class java/lang/Character$Subset
Event: 10.134 Loading class java/lang/Character$Subset done
Event: 10.136 Loading class java/lang/Character$UnicodeBlock done
Event: 10.183 Loading class java/util/regex/Pattern$Bound
Event: 10.184 Loading class java/util/regex/Pattern$Bound done
Event: 10.185 Loading class java/util/regex/Pattern$Behind
Event: 10.185 Loading class java/util/regex/Pattern$Behind done
Event: 10.260 Loading class java/util/WeakHashMap$KeyIterator
Event: 10.260 Loading class java/util/WeakHashMap$HashIterator
Event: 10.261 Loading class java/util/WeakHashMap$HashIterator done
Event: 10.261 Loading class java/util/WeakHashMap$KeyIterator done
Event: 10.261 Loading class java/util/WeakHashMap$EntrySet
Event: 10.261 Loading class java/util/WeakHashMap$EntrySet done
Event: 10.261 Loading class java/util/WeakHashMap$EntryIterator
Event: 10.261 Loading class java/util/WeakHashMap$EntryIterator done

Classes unloaded (0 events):
No events

Classes redefined (1 events):
Event: 23.777 Thread 0x000001ca67f25b10 redefined class name=com.Springbootpace.Springboot.Controller.UserController, count=1

Internal exceptions (20 events):
Event: 9.458 Thread 0x000001ca6d22b8e0 Exception <a 'java/lang/NoSuchMethodError'{0x0000000087ca4e28}: 'void java.lang.invoke.DirectMethodHandle$Holder.invokeInterface(java.lang.Object, java.lang.Object, int, java.lang.Object)'> (0x0000000087ca4e28) 
thrown [s\src\hotspot\share\interpreter\linkResolver.cpp, line 773]
Event: 9.463 Thread 0x000001ca6d22b8e0 Exception <a 'java/lang/NoSuchMethodError'{0x0000000087cf8e78}: 'java.lang.Object java.lang.invoke.DirectMethodHandle$Holder.newInvokeSpecial(java.lang.Object, java.lang.Object, int, java.lang.Object)'> (0x0000000087cf8e78) 
thrown [s\src\hotspot\share\interpreter\linkResolver.cpp, line 773]
Event: 9.485 Thread 0x000001ca6d22b8e0 Exception <a 'java/lang/NoSuchMethodError'{0x0000000087985348}: 'void java.lang.invoke.DirectMethodHandle$Holder.invokeSpecial(java.lang.Object, java.lang.Object, java.lang.Object, java.lang.Object, java.lang.Object, java.lang.Object, java.lang.Object, java.lang.Object)'> (0x0000000087985348) 
thrown [s\src\hotspot\share\interpreter\linkResolver.cpp, line 773]
Event: 9.492 Thread 0x000001ca6d22b8e0 Exception <a 'java/lang/NoSuchMethodError'{0x0000000087815940}: 'void java.lang.invoke.DirectMethodHandle$Holder.invokeSpecial(java.lang.Object, java.lang.Object, int, java.lang.Object)'> (0x0000000087815940) 
thrown [s\src\hotspot\share\interpreter\linkResolver.cpp, line 773]
Event: 9.492 Thread 0x000001ca6d22b8e0 Exception <a 'java/lang/NoSuchMethodError'{0x000000008781bca8}: 'java.lang.Object java.lang.invoke.DirectMethodHandle$Holder.newInvokeSpecial(java.lang.Object, java.lang.Object, int)'> (0x000000008781bca8) 
thrown [s\src\hotspot\share\interpreter\linkResolver.cpp, line 773]
Event: 9.524 Thread 0x000001ca6d22b8e0 Exception <a 'java/lang/NoSuchMethodError'{0x00000000874de588}: 'java.lang.Object java.lang.invoke.DirectMethodHandle$Holder.newInvokeSpecial(java.lang.Object, java.lang.Object, java.lang.Object, java.lang.Object, java.lang.Object, int, java.lang.Object)'> (0x00000000874de588) 
thrown [s\src\hotspot\share\interpreter\linkResolver.cpp, line 773]
Event: 9.529 Thread 0x000001ca6d22b8e0 Exception <a 'java/lang/NoSuchMethodError'{0x0000000087333290}: 'java.lang.Object java.lang.invoke.Invokers$Holder.linkToTargetMethod(java.lang.Object, java.lang.Object, java.lang.Object, java.lang.Object, java.lang.Object, java.lang.Object, java.lang.Object, java.lang.Object, java.lang.Object, java.lang.Object, java.lang.Object, java.lang.Object)'> (0x0000000087333290) 
thrown [s\src\hotspot\share\interpreter\linkResolver.cpp, line 773]
Event: 9.566 Thread 0x000001ca6d22b8e0 Exception <a 'java/lang/IncompatibleClassChangeError'{0x000000008cd746a8}: Found class java.lang.Object, but interface was expected> (0x000000008cd746a8) 
thrown [s\src\hotspot\share\interpreter\linkResolver.cpp, line 840]
Event: 9.575 Thread 0x000001ca6d22b8e0 Exception <a 'java/lang/NoSuchMethodError'{0x0000000089aa0c20}: 'java.lang.Object java.lang.invoke.DirectMethodHandle$Holder.newInvokeSpecial(java.lang.Object, java.lang.Object, java.lang.Object, java.lang.Object, java.lang.Object, java.lang.Object, java.lang.Object, int)'> (0x0000000089aa0c20) 
thrown [s\src\hotspot\share\interpreter\linkResolver.cpp, line 773]
Event: 9.575 Thread 0x000001ca6d22b8e0 Exception <a 'java/lang/NoSuchMethodError'{0x0000000089aa51c0}: 'java.lang.Object java.lang.invoke.DirectMethodHandle$Holder.invokeSpecial(java.lang.Object, java.lang.Object, java.lang.Object, java.lang.Object, java.lang.Object, java.lang.Object, java.lang.Object, java.lang.Object, int)'> (0x0000000089aa51c0) 
thrown [s\src\hotspot\share\interpreter\linkResolver.cpp, line 773]
Event: 9.575 Thread 0x000001ca6d22b8e0 Exception <a 'java/lang/NoSuchMethodError'{0x0000000089aa91e8}: 'java.lang.Object java.lang.invoke.Invokers$Holder.linkToTargetMethod(java.lang.Object, java.lang.Object, java.lang.Object, java.lang.Object, java.lang.Object, java.lang.Object, int, java.lang.Object)'> (0x0000000089aa91e8) 
thrown [s\src\hotspot\share\interpreter\linkResolver.cpp, line 773]
Event: 9.603 Thread 0x000001ca6d22b8e0 Exception <a 'java/lang/NoSuchMethodError'{0x0000000089a4b1a8}: 'java.lang.Object java.lang.invoke.DirectMethodHandle$Holder.newInvokeSpecial(java.lang.Object, java.lang.Object, int, java.lang.Object, int, java.lang.Object, java.lang.Object)'> (0x0000000089a4b1a8) 
thrown [s\src\hotspot\share\interpreter\linkResolver.cpp, line 773]
Event: 9.783 Thread 0x000001ca6d22b8e0 Exception <a 'java/lang/NoSuchMethodError'{0x00000000886506a8}: 'java.lang.Object java.lang.invoke.DirectMethodHandle$Holder.invokeSpecial(java.lang.Object, java.lang.Object, int, java.lang.Object, int)'> (0x00000000886506a8) 
thrown [s\src\hotspot\share\interpreter\linkResolver.cpp, line 773]
Event: 9.826 Thread 0x000001ca6d22b8e0 Implicit null exception at 0x000001ca5b1feaf1 to 0x000001ca5b1feda8
Event: 9.878 Thread 0x000001ca6d22b8e0 Implicit null exception at 0x000001ca5b62fc77 to 0x000001ca5b631b0c
Event: 9.885 Thread 0x000001ca6d22b8e0 Exception <a 'java/lang/IncompatibleClassChangeError'{0x0000000087e50fd8}: Found class java.lang.Object, but interface was expected> (0x0000000087e50fd8) 
thrown [s\src\hotspot\share\interpreter\linkResolver.cpp, line 840]
Event: 9.929 Thread 0x000001ca6d22b8e0 Exception <a 'java/lang/IncompatibleClassChangeError'{0x0000000087a46118}: Found class java.lang.Object, but interface was expected> (0x0000000087a46118) 
thrown [s\src\hotspot\share\interpreter\linkResolver.cpp, line 840]
Event: 10.074 Thread 0x000001ca6d22b8e0 Exception <a 'java/lang/IncompatibleClassChangeError'{0x00000000899844d8}: Found class java.lang.Object, but interface was expected> (0x00000000899844d8) 
thrown [s\src\hotspot\share\interpreter\linkResolver.cpp, line 840]
Event: 10.152 Thread 0x000001ca6d22b8e0 Exception <a 'java/lang/IncompatibleClassChangeError'{0x0000000088dc49f8}: Found class java.lang.Object, but interface was expected> (0x0000000088dc49f8) 
thrown [s\src\hotspot\share\interpreter\linkResolver.cpp, line 840]
Event: 10.152 Thread 0x000001ca6d22b8e0 Exception <a 'java/lang/IncompatibleClassChangeError'{0x0000000088dca220}: Found class java.lang.Object, but interface was expected> (0x0000000088dca220) 
thrown [s\src\hotspot\share\interpreter\linkResolver.cpp, line 840]

ZGC Phase Switch (0 events):
No events

VM Operations (20 events):
Event: 9.837 Executing VM operation: HandshakeAllThreads (Deoptimize)
Event: 9.837 Executing VM operation: HandshakeAllThreads (Deoptimize) done
Event: 10.041 Executing VM operation: G1CollectForAllocation (G1 Evacuation Pause)
Event: 10.045 Executing VM operation: G1CollectForAllocation (G1 Evacuation Pause) done
Event: 10.087 Executing VM operation: HandshakeAllThreads (Deoptimize)
Event: 10.087 Executing VM operation: HandshakeAllThreads (Deoptimize) done
Event: 10.088 Executing VM operation: HandshakeAllThreads (Deoptimize)
Event: 10.088 Executing VM operation: HandshakeAllThreads (Deoptimize) done
Event: 11.102 Executing VM operation: Cleanup
Event: 11.102 Executing VM operation: Cleanup done
Event: 11.320 Executing VM operation: get/set locals
Event: 11.320 Executing VM operation: get/set locals done
Event: 23.755 Executing VM operation: ChangeSingleStep
Event: 23.755 Executing VM operation: ChangeSingleStep done
Event: 23.756 Executing VM operation: ChangeSingleStep
Event: 23.756 Executing VM operation: ChangeSingleStep done
Event: 23.769 Executing VM operation: RedefineClasses
Event: 23.791 Executing VM operation: RedefineClasses done
Event: 23.793 Executing VM operation: ChangeSingleStep
Event: 23.793 Executing VM operation: ChangeSingleStep done

Memory protections (0 events):
No events

Nmethod flushes (20 events):
Event: 9.611 Thread 0x000001ca67f25b10 flushing  nmethod 0x000001ca53ce2690
Event: 9.611 Thread 0x000001ca67f25b10 flushing  nmethod 0x000001ca54051d10
Event: 9.611 Thread 0x000001ca67f25b10 flushing  nmethod 0x000001ca539b8910
Event: 9.611 Thread 0x000001ca67f25b10 flushing  nmethod 0x000001ca539b9810
Event: 9.611 Thread 0x000001ca67f25b10 flushing  nmethod 0x000001ca539bac10
Event: 9.611 Thread 0x000001ca67f25b10 flushing  nmethod 0x000001ca539bc090
Event: 9.611 Thread 0x000001ca67f25b10 flushing  nmethod 0x000001ca539bce10
Event: 9.611 Thread 0x000001ca67f25b10 flushing  nmethod 0x000001ca539bdb90
Event: 9.611 Thread 0x000001ca67f25b10 flushing  nmethod 0x000001ca539be190
Event: 9.611 Thread 0x000001ca67f25b10 flushing  nmethod 0x000001ca539de310
Event: 9.611 Thread 0x000001ca67f25b10 flushing  nmethod 0x000001ca539e6290
Event: 9.611 Thread 0x000001ca67f25b10 flushing  nmethod 0x000001ca53a0eb10
Event: 9.611 Thread 0x000001ca67f25b10 flushing  nmethod 0x000001ca53a31390
Event: 9.611 Thread 0x000001ca67f25b10 flushing  nmethod 0x000001ca53a60210
Event: 9.611 Thread 0x000001ca67f25b10 flushing  nmethod 0x000001ca53c0a090
Event: 9.611 Thread 0x000001ca67f25b10 flushing  nmethod 0x000001ca53eab990
Event: 9.611 Thread 0x000001ca67f25b10 flushing  nmethod 0x000001ca53ebd210
Event: 9.611 Thread 0x000001ca67f25b10 flushing  nmethod 0x000001ca53f28690
Event: 9.611 Thread 0x000001ca67f25b10 flushing  nmethod 0x000001ca53f32f90
Event: 9.611 Thread 0x000001ca67f25b10 flushing osr nmethod 0x000001ca54077010

Events (20 events):
Event: 0.201 Thread 0x000001ca4fd73b40 Thread added: 0x000001ca6c232cf0
Event: 0.202 Thread 0x000001ca6c17b7a0 Thread added: 0x000001ca6c233770
Event: 0.328 Thread 0x000001ca67f57500 Thread added: 0x000001ca6c283b30
Event: 0.328 Thread 0x000001ca67f57500 Thread added: 0x000001ca6c2af610
Event: 0.549 Thread 0x000001ca4fd73b40 Thread added: 0x000001ca6ca438d0
Event: 1.090 Thread 0x000001ca4fd73b40 Thread added: 0x000001ca6cd98020
Event: 1.098 Thread 0x000001ca6cd98020 Thread added: 0x000001ca6d22b8e0
Event: 2.130 Thread 0x000001ca6d22b8e0 Thread added: 0x000001ca6e50f4f0
Event: 2.896 Thread 0x000001ca6d22b8e0 Thread added: 0x000001ca70b9a6d0
Event: 2.984 Thread 0x000001ca6e50f4f0 Thread exited: 0x000001ca6e50f4f0
Event: 3.098 Thread 0x000001ca70b9a6d0 Thread exited: 0x000001ca70b9a6d0
Event: 5.888 Thread 0x000001ca6d22b8e0 Thread added: 0x000001ca67f7dca0
Event: 5.890 Thread 0x000001ca67f7dca0 Thread added: 0x000001ca7208ae50
Event: 5.896 Thread 0x000001ca6d22b8e0 Thread added: 0x000001ca6e499c00
Event: 5.963 Thread 0x000001ca6d22b8e0 Thread added: 0x000001ca72506320
Event: 7.914 Thread 0x000001ca6d22b8e0 Thread added: 0x000001ca72507040
Event: 8.039 Thread 0x000001ca72507040 Thread added: 0x000001ca72505c90
Event: 9.711 Thread 0x000001ca6c2af610 Thread exited: 0x000001ca6c2af610
Event: 13.644 Thread 0x000001ca72505c90 Thread exited: 0x000001ca72505c90
Event: 15.587 Thread 0x000001ca6c283b30 Thread exited: 0x000001ca6c283b30


Dynamic libraries:
0x00007ff7eb540000 - 0x00007ff7eb54e000 	C:\Users\bless\.p2\pool\plugins\org.eclipse.justj.openjdk.hotspot.jre.full.win32.x86_64_21.0.7.v20250502-0916\jre\bin\javaw.exe
0x00007ffb65700000 - 0x00007ffb65965000 	C:\WINDOWS\SYSTEM32\ntdll.dll
0x00007ffb65400000 - 0x00007ffb654c9000 	C:\WINDOWS\System32\KERNEL32.DLL
0x00007ffb62bb0000 - 0x00007ffb62f98000 	C:\WINDOWS\System32\KERNELBASE.dll
0x00007ffb632a0000 - 0x00007ffb633eb000 	C:\WINDOWS\System32\ucrtbase.dll
0x00007ffb59d60000 - 0x00007ffb59d78000 	C:\Users\bless\.p2\pool\plugins\org.eclipse.justj.openjdk.hotspot.jre.full.win32.x86_64_21.0.7.v20250502-0916\jre\bin\jli.dll
0x00007ffb5ef90000 - 0x00007ffb5efae000 	C:\Users\bless\.p2\pool\plugins\org.eclipse.justj.openjdk.hotspot.jre.full.win32.x86_64_21.0.7.v20250502-0916\jre\bin\VCRUNTIME140.dll
0x00007ffb634a0000 - 0x00007ffb6366a000 	C:\WINDOWS\System32\USER32.dll
0x00007ffb413c0000 - 0x00007ffb4165a000 	C:\WINDOWS\WinSxS\amd64_microsoft.windows.common-controls_6595b64144ccf1df_6.0.26100.4202_none_3e0698d4e335f517\COMCTL32.dll
0x00007ffb654d0000 - 0x00007ffb65579000 	C:\WINDOWS\System32\msvcrt.dll
0x00007ffb65610000 - 0x00007ffb6563b000 	C:\WINDOWS\System32\GDI32.dll
0x00007ffb62ac0000 - 0x00007ffb62ae7000 	C:\WINDOWS\System32\win32u.dll
0x00007ffb62980000 - 0x00007ffb62ab7000 	C:\WINDOWS\System32\gdi32full.dll
0x00007ffb633f0000 - 0x00007ffb63493000 	C:\WINDOWS\System32\msvcp_win.dll
0x00007ffb65020000 - 0x00007ffb65050000 	C:\WINDOWS\System32\IMM32.DLL
0x00007ffb589e0000 - 0x00007ffb589ec000 	C:\Users\bless\.p2\pool\plugins\org.eclipse.justj.openjdk.hotspot.jre.full.win32.x86_64_21.0.7.v20250502-0916\jre\bin\vcruntime140_1.dll
0x00007ffb1f290000 - 0x00007ffb1f31d000 	C:\Users\bless\.p2\pool\plugins\org.eclipse.justj.openjdk.hotspot.jre.full.win32.x86_64_21.0.7.v20250502-0916\jre\bin\msvcp140.dll
0x00007ffaf5bf0000 - 0x00007ffaf6980000 	C:\Users\bless\.p2\pool\plugins\org.eclipse.justj.openjdk.hotspot.jre.full.win32.x86_64_21.0.7.v20250502-0916\jre\bin\server\jvm.dll
0x00007ffb65340000 - 0x00007ffb653f3000 	C:\WINDOWS\System32\ADVAPI32.dll
0x00007ffb65180000 - 0x00007ffb65226000 	C:\WINDOWS\System32\sechost.dll
0x00007ffb65060000 - 0x00007ffb65175000 	C:\WINDOWS\System32\RPCRT4.dll
0x00007ffb640f0000 - 0x00007ffb64164000 	C:\WINDOWS\System32\WS2_32.dll
0x00007ffb626a0000 - 0x00007ffb626fe000 	C:\WINDOWS\SYSTEM32\POWRPROF.dll
0x00007ffb58dc0000 - 0x00007ffb58dcb000 	C:\WINDOWS\SYSTEM32\VERSION.dll
0x00007ffb565a0000 - 0x00007ffb565d5000 	C:\WINDOWS\SYSTEM32\WINMM.dll
0x00007ffb62680000 - 0x00007ffb62694000 	C:\WINDOWS\SYSTEM32\UMPDC.dll
0x00007ffb61610000 - 0x00007ffb6162b000 	C:\WINDOWS\SYSTEM32\kernel.appcore.dll
0x00007ffb589c0000 - 0x00007ffb589ca000 	C:\Users\bless\.p2\pool\plugins\org.eclipse.justj.openjdk.hotspot.jre.full.win32.x86_64_21.0.7.v20250502-0916\jre\bin\jimage.dll
0x00007ffb5ff00000 - 0x00007ffb60141000 	C:\WINDOWS\SYSTEM32\DBGHELP.DLL
0x00007ffb645e0000 - 0x00007ffb64965000 	C:\WINDOWS\System32\combase.dll
0x00007ffb638b0000 - 0x00007ffb63991000 	C:\WINDOWS\System32\OLEAUT32.dll
0x00007ffb3cbe0000 - 0x00007ffb3cc19000 	C:\WINDOWS\SYSTEM32\dbgcore.DLL
0x00007ffb628e0000 - 0x00007ffb62979000 	C:\WINDOWS\System32\bcryptPrimitives.dll
0x00007ffb44230000 - 0x00007ffb4426c000 	C:\Users\bless\.p2\pool\plugins\org.eclipse.justj.openjdk.hotspot.jre.full.win32.x86_64_21.0.7.v20250502-0916\jre\bin\jdwp.dll
0x00007ffb5efd0000 - 0x00007ffb5efdf000 	C:\Users\bless\.p2\pool\plugins\org.eclipse.justj.openjdk.hotspot.jre.full.win32.x86_64_21.0.7.v20250502-0916\jre\bin\instrument.dll
0x00007ffb589a0000 - 0x00007ffb589bf000 	C:\Users\bless\.p2\pool\plugins\org.eclipse.justj.openjdk.hotspot.jre.full.win32.x86_64_21.0.7.v20250502-0916\jre\bin\java.dll
0x00007ffb639a0000 - 0x00007ffb640e2000 	C:\WINDOWS\System32\SHELL32.dll
0x00007ffb63120000 - 0x00007ffb63294000 	C:\WINDOWS\System32\wintypes.dll
0x00007ffb60480000 - 0x00007ffb60cd8000 	C:\WINDOWS\SYSTEM32\windows.storage.dll
0x00007ffb65240000 - 0x00007ffb65331000 	C:\WINDOWS\System32\SHCORE.dll
0x00007ffb64e10000 - 0x00007ffb64e7a000 	C:\WINDOWS\System32\shlwapi.dll
0x00007ffb62760000 - 0x00007ffb6278f000 	C:\WINDOWS\SYSTEM32\profapi.dll
0x00007ffb4b8f0000 - 0x00007ffb4b908000 	C:\Users\bless\.p2\pool\plugins\org.eclipse.justj.openjdk.hotspot.jre.full.win32.x86_64_21.0.7.v20250502-0916\jre\bin\zip.dll
0x00007ffb55930000 - 0x00007ffb5593b000 	C:\Users\bless\.p2\pool\plugins\org.eclipse.justj.openjdk.hotspot.jre.full.win32.x86_64_21.0.7.v20250502-0916\jre\bin\dt_socket.dll
0x00007ffb60ff0000 - 0x00007ffb61023000 	C:\WINDOWS\SYSTEM32\IPHLPAPI.DLL
0x00007ffb61b80000 - 0x00007ffb61bea000 	C:\WINDOWS\system32\mswsock.dll
0x00007ffb610e0000 - 0x00007ffb61207000 	C:\WINDOWS\SYSTEM32\DNSAPI.dll
0x00007ffb65230000 - 0x00007ffb6523a000 	C:\WINDOWS\System32\NSI.dll
0x00007ffb58e40000 - 0x00007ffb58e4b000 	C:\Windows\System32\rasadhlp.dll
0x00007ffb5a200000 - 0x00007ffb5a286000 	C:\WINDOWS\System32\fwpuclnt.dll
0x00007ffb4d300000 - 0x00007ffb4d310000 	C:\Users\bless\.p2\pool\plugins\org.eclipse.justj.openjdk.hotspot.jre.full.win32.x86_64_21.0.7.v20250502-0916\jre\bin\net.dll
0x00007ffb593e0000 - 0x00007ffb594fe000 	C:\WINDOWS\SYSTEM32\WINHTTP.dll
0x00007ffb4b7c0000 - 0x00007ffb4b7d6000 	C:\Users\bless\.p2\pool\plugins\org.eclipse.justj.openjdk.hotspot.jre.full.win32.x86_64_21.0.7.v20250502-0916\jre\bin\nio.dll
0x00007ffb4d260000 - 0x00007ffb4d270000 	C:\Users\bless\.p2\pool\plugins\org.eclipse.justj.openjdk.hotspot.jre.full.win32.x86_64_21.0.7.v20250502-0916\jre\bin\verify.dll
0x00007ffb589d0000 - 0x00007ffb589da000 	C:\Users\bless\.p2\pool\plugins\org.eclipse.justj.openjdk.hotspot.jre.full.win32.x86_64_21.0.7.v20250502-0916\jre\bin\management.dll
0x00007ffb561f0000 - 0x00007ffb561fb000 	C:\Users\bless\.p2\pool\plugins\org.eclipse.justj.openjdk.hotspot.jre.full.win32.x86_64_21.0.7.v20250502-0916\jre\bin\management_ext.dll
0x00007ffb65580000 - 0x00007ffb65588000 	C:\WINDOWS\System32\PSAPI.DLL
0x00007ffb4ba40000 - 0x00007ffb4ba4e000 	C:\Users\bless\.p2\pool\plugins\org.eclipse.justj.openjdk.hotspot.jre.full.win32.x86_64_21.0.7.v20250502-0916\jre\bin\sunmscapi.dll
0x00007ffb62fa0000 - 0x00007ffb63117000 	C:\WINDOWS\System32\CRYPT32.dll
0x00007ffb62050000 - 0x00007ffb62080000 	C:\WINDOWS\SYSTEM32\ncrypt.dll
0x00007ffb62000000 - 0x00007ffb6203f000 	C:\WINDOWS\SYSTEM32\NTASN1.dll
0x00007ffb61e30000 - 0x00007ffb61e4b000 	C:\WINDOWS\SYSTEM32\CRYPTSP.dll
0x00007ffb61570000 - 0x00007ffb615aa000 	C:\WINDOWS\system32\rsaenh.dll
0x00007ffb61c20000 - 0x00007ffb61c4b000 	C:\WINDOWS\SYSTEM32\USERENV.dll
0x00007ffb62730000 - 0x00007ffb62756000 	C:\WINDOWS\SYSTEM32\bcrypt.dll
0x00007ffb61e50000 - 0x00007ffb61e5c000 	C:\WINDOWS\SYSTEM32\CRYPTBASE.dll
0x00007ffb4b580000 - 0x00007ffb4b589000 	C:\Users\bless\.p2\pool\plugins\org.eclipse.justj.openjdk.hotspot.jre.full.win32.x86_64_21.0.7.v20250502-0916\jre\bin\extnet.dll

dbghelp: loaded successfully - version: 4.0.5 - missing functions: none
symbol engine: initialized successfully - sym options: 0x614 - pdb path: .;C:\Users\bless\.p2\pool\plugins\org.eclipse.justj.openjdk.hotspot.jre.full.win32.x86_64_21.0.7.v20250502-0916\jre\bin;C:\WINDOWS\SYSTEM32;C:\WINDOWS\WinSxS\amd64_microsoft.windows.common-controls_6595b64144ccf1df_6.0.26100.4202_none_3e0698d4e335f517;C:\Users\bless\.p2\pool\plugins\org.eclipse.justj.openjdk.hotspot.jre.full.win32.x86_64_21.0.7.v20250502-0916\jre\bin\server

VM Arguments:
jvm_args: -XX:+ShowCodeDetailsInExceptionMessages -agentlib:jdwp=transport=dt_socket,suspend=y,address=localhost:49781 -javaagent:C:\Users\bless\eclipse\jee-2025-032\eclipse\configuration\org.eclipse.osgi\440\0\.cp\lib\javaagent-shaded.jar -Dfile.encoding=UTF-8 -Dstdout.encoding=UTF-8 -Dstderr.encoding=UTF-8 
java_command: com.Springbootpace.Springboot.SpringbootApplication
java_class_path (initial): C:\Users\bless\OneDrive\Desktop\paceSpringboot\Springboot\target\classes;C:\Users\bless\.m2\repository\org\springframework\boot\spring-boot-starter-data-jpa\3.5.0\spring-boot-starter-data-jpa-3.5.0.jar;C:\Users\bless\.m2\repository\org\springframework\boot\spring-boot-starter\3.5.0\spring-boot-starter-3.5.0.jar;C:\Users\bless\.m2\repository\org\springframework\boot\spring-boot-starter-logging\3.5.0\spring-boot-starter-logging-3.5.0.jar;C:\Users\bless\.m2\repository\ch\qos\logback\logback-classic\1.5.18\logback-classic-1.5.18.jar;C:\Users\bless\.m2\repository\ch\qos\logback\logback-core\1.5.18\logback-core-1.5.18.jar;C:\Users\bless\.m2\repository\org\apache\logging\log4j\log4j-to-slf4j\2.24.3\log4j-to-slf4j-2.24.3.jar;C:\Users\bless\.m2\repository\org\apache\logging\log4j\log4j-api\2.24.3\log4j-api-2.24.3.jar;C:\Users\bless\.m2\repository\org\slf4j\jul-to-slf4j\2.0.17\jul-to-slf4j-2.0.17.jar;C:\Users\bless\.m2\repository\jakarta\annotation\jakarta.annotation-api\2.1.1\jakarta.annotation-api-2.1.1.jar;C:\Users\bless\.m2\repository\org\yaml\snakeyaml\2.4\snakeyaml-2.4.jar;C:\Users\bless\.m2\repository\org\springframework\boot\spring-boot-starter-jdbc\3.5.0\spring-boot-starter-jdbc-3.5.0.jar;C:\Users\bless\.m2\repository\com\zaxxer\HikariCP\6.3.0\HikariCP-6.3.0.jar;C:\Users\bless\.m2\repository\org\springframework\spring-jdbc\6.2.7\spring-jdbc-6.2.7.jar;C:\Users\bless\.m2\repository\org\hibernate\orm\hibernate-core\6.6.15.Final\hibernate-core-6.6.15.Final.jar;C:\Users\bless\.m2\repository\jakarta\persistence\jakarta.persistence-api\3.1.0\jakarta.persistence-api-3.1.0.jar;C:\Users\bless\.m2\repository\jakarta\transaction\jakarta.transaction-api\2.0.1\jakarta.transaction-api-2.0.1.jar;C:\Users\bless\.m2\repository\org\jboss\logging\jboss-logging\3.6.1.Final\jboss-logging-3.6.1.Final.jar;C:\Users\bless\.m2\repository\org\hibernate\common\hibernate-commons-annotations\7.0.3.Final\hibernate-commons-annotations-7.0.3.Final.jar;C:\Users\bless\.m2\repository\io\smallrye\jandex\3.2.0\jandex-3.2.0.jar;C:\Users\bless\.m2\repository\com\fasterxml\classmate\1.7.0\classmate-1.7.0.jar;C:\Users\bless\.m2\repository\net\bytebuddy\byte-buddy\1.17.5\byte-buddy-1.17.5.jar;C:\Users\bless\.m2\repository\org\glassfish\jaxb\jaxb-runtime\4.0.5\jaxb-runtime-4.0.5.jar;C:\Users\bless\.m2\repository\org\glassfish\jaxb\jaxb-core\4.0.5\jaxb-core-4.0.5.jar;C:\Users\bless\.m2\repository\org\eclipse\angus\angus-activation\2.0.2\angus-activation-2.0.2.jar;C:\Users\bless\.m2\repository\org\glassfish\jaxb\txw2\4.0.5\txw2-4.0.5.jar;C:\Users\bless\.m2\repository\com\sun\istack\istack-commons-runtime\4.1.2\istack-commons-runtime-4.1.2.jar;C:\Users\bless\.m2\repository\jakarta\inject\jakarta.inject-api\2.0.1\jakarta.inject-api-2.0.1.jar;C:\Users\bless\.m2\repository\org\antlr\antlr4-runtime\4.13.0\antlr4-runtime-4.13.0.jar;C:\Users\bless\.m2\repository\org\springframework\data\spring-data-jpa\3.5.0\spring-data-jpa-3.5.0.jar;C:\Users\bless\.m2\repository\org\springframework\data\spring-data-commons\3.5.0\spring-data-commons-3.5.0.jar;C:\Users\bless\.m2\repository\org\springframework\spring-orm\6.2.7\spring-orm-6.2.7.jar;C:\Users\bless\.m2\repository\org\springframework\spring-context\6.2.7\spring-context-6.2.7.jar;C:\Users\bless\.m2\repository\org\springframework\spring-aop\6.2.7\spring-aop-6.2.7.jar;C:\Users\bless\.m2\repository\org\springframework\spring-tx\6.2.7\spring-tx-6.2.7.jar;C:\Users\bless\.m2\repository\org\springframework\spring-beans\6.2.7\spring-beans-6.2.7.jar;C:\Users\bless\.m2\repository\org\slf4j\slf4j-api\2.0.17\slf4j-api-2.0.17.jar;C:\Users\bless\.m2\repository\org\springframework\spring-aspects\6.2.7\spring-aspects-6.2.7.jar;C:\Users\bless\.m2\repository\org\aspectj\aspectjweaver\1.9.24\aspectjweaver-1.9.24.jar;C:\Users\bless\.m2\repository\org\springframework\boot\spring-boot-starter-web\3.5.0\spring-boot-starter-web-3.5.0.jar;C:\Users\bless\.m2\repository\org\springframework\boot\spring-boot-starter-json\3.5.0\spring-boot-starter-json-3.5.0.jar;C:\Users\bless\.m2\repository\com\fasterxml\jackson\core\jackson-databind\2.19.0\jackson-databind-2.19.0.jar;C:\Users\bless\.m2\repository\com\fasterxml\jackson\core\jackson-annotations\2.19.0\jackson-annotations-2.19.0.jar;C:\Users\bless\.m2\repository\com\fasterxml\jackson\core\jackson-core\2.19.0\jackson-core-2.19.0.jar;C:\Users\bless\.m2\repository\com\fasterxml\jackson\datatype\jackson-datatype-jdk8\2.19.0\jackson-datatype-jdk8-2.19.0.jar;C:\Users\bless\.m2\repository\com\fasterxml\jackson\datatype\jackson-datatype-jsr310\2.19.0\jackson-datatype-jsr310-2.19.0.jar;C:\Users\bless\.m2\repository\com\fasterxml\jackson\module\jackson-module-parameter-names\2.19.0\jackson-module-parameter-names-2.19.0.jar;C:\Users\bless\.m2\repository\org\springframework\boot\spring-boot-starter-tomcat\3.5.0\spring-boot-starter-tomcat-3.5.0.jar;C:\Users\bless\.m2\repository\org\apache\tomcat\embed\tomcat-embed-core\10.1.41\tomcat-embed-core-10.1.41.jar;C:\Users\bless\.m2\repository\org\apache\tomcat\embed\tomcat-embed-el\10.1.41\tomcat-embed-el-10.1.41.jar;C:\Users\bless\.m2\repository\org\apache\tomcat\embed\tomcat-embed-websocket\10.1.41\tomcat-embed-websocket-10.1.41.jar;C:\Users\bless\.m2\repository\org\springframework\spring-web\6.2.7\spring-web-6.2.7.jar;C:\Users\bless\.m2\repository\io\micrometer\micrometer-observation\1.15.0\micrometer-observation-1.15.0.jar;C:\Users\bless\.m2\repository\io\micrometer\micrometer-commons\1.15.0\micrometer-commons-1.15.0.jar;C:\Users\bless\.m2\repository\org\springframework\spring-webmvc\6.2.7\spring-webmvc-6.2.7.jar;C:\Users\bless\.m2\repository\org\springframework\spring-expression\6.2.7\spring-expression-6.2.7.jar;C:\Users\bless\.m2\repository\org\springframework\boot\spring-boot-devtools\3.5.0\spring-boot-devtools-3.5.0.jar;C:\Users\bless\.m2\repository\org\springframework\boot\spring-boot\3.5.0\spring-boot-3.5.0.jar;C:\Users\bless\.m2\repository\org\springframework\boot\spring-boot-autoconfigure\3.5.0\spring-boot-autoconfigure-3.5.0.jar;C:\Users\bless\.m2\repository\com\mysql\mysql-connector-j\9.2.0\mysql-connector-j-9.2.0.jar;C:\Users\bless\.m2\repository\org\projectlombok\lombok\1.18.38\lombok-1.18.38.jar;C:\Users\bless\.m2\repository\jakarta\xml\bind\jakarta.xml.bind-api\4.0.2\jakarta.xml.bind-api-4.0.2.jar;C:\Users\bless\.m2\repository\jakarta\activation\jakarta.activation-api\2.1.3\jakarta.activation-api-2.1.3.jar;C:\Users\bless\.m2\repository\org\springframework\spring-core\6.2.7\spring-core-6.2.7.jar;C:\Users\bless\.m2\repository\org\springframework\spring-jcl\6.2.7\spring-jcl-6.2.7.jar
Launcher Type: SUN_STANDARD

[Global flags]
     intx CICompilerCount                          = 4                                         {product} {ergonomic}
     uint ConcGCThreads                            = 3                                         {product} {ergonomic}
     uint G1ConcRefinementThreads                  = 10                                        {product} {ergonomic}
   size_t G1HeapRegionSize                         = 1048576                                   {product} {ergonomic}
    uintx GCDrainStackTargetSize                   = 64                                        {product} {ergonomic}
   size_t InitialHeapSize                          = 130023424                                 {product} {ergonomic}
   size_t MarkStackSize                            = 4194304                                   {product} {ergonomic}
   size_t MaxHeapSize                              = 2061500416                                {product} {ergonomic}
   size_t MaxNewSize                               = 1236271104                                {product} {ergonomic}
   size_t MinHeapDeltaBytes                        = 1048576                                   {product} {ergonomic}
   size_t MinHeapSize                              = 8388608                                   {product} {ergonomic}
    uintx NonNMethodCodeHeapSize                   = 5839372                                {pd product} {ergonomic}
    uintx NonProfiledCodeHeapSize                  = 122909434                              {pd product} {ergonomic}
    uintx ProfiledCodeHeapSize                     = 122909434                              {pd product} {ergonomic}
    uintx ReservedCodeCacheSize                    = 251658240                              {pd product} {ergonomic}
     bool SegmentedCodeCache                       = true                                      {product} {ergonomic}
     bool ShowCodeDetailsInExceptionMessages       = true                                   {manageable} {command line}
   size_t SoftMaxHeapSize                          = 2061500416                             {manageable} {ergonomic}
     bool UseCompressedOops                        = true                           {product lp64_product} {ergonomic}
     bool UseG1GC                                  = true                                      {product} {ergonomic}
     bool UseLargePagesIndividualAllocation        = false                                  {pd product} {ergonomic}

Logging:
Log output configuration:
 #0: stdout all=warning uptime,level,tags foldmultilines=false
 #1: stderr all=off uptime,level,tags foldmultilines=false

Environment Variables:
PATH=C:\Users\bless\.p2\pool\plugins\org.eclipse.justj.openjdk.hotspot.jre.full.win32.x86_64_21.0.7.v20250502-0916\jre\bin;C:/Users/bless/.p2/pool/plugins/org.eclipse.justj.openjdk.hotspot.jre.full.win32.x86_64_21.0.7.v20250502-0916/jre/bin/server;C:/Users/bless/.p2/pool/plugins/org.eclipse.justj.openjdk.hotspot.jre.full.win32.x86_64_21.0.7.v20250502-0916/jre/bin;C:\windows\system32;C:\windows;C:\windows\System32\Wbem;C:\windows\System32\WindowsPowerShell\v1.0\;C:\windows\System32\OpenSSH\;C:\Program Files\HP\HP One Agent;C:\WINDOWS\system32;C:\WINDOWS;C:\WINDOWS\System32\Wbem;C:\WINDOWS\System32\WindowsPowerShell\v1.0\;C:\WINDOWS\System32\OpenSSH\;C:\Program Files\MySQL\MySQL Server 8.0\bin;C:\Program Files\nodejs\;C:\Program Files\MySQL\MySQL Shell 8.0\bin\;C:\Users\bless\AppData\Local\Programs\Python\Python313\Scripts\;C:\Users\bless\AppData\Local\Programs\Python\Python313\;C:\Users\bless\AppData\Local\Programs\Python\Launcher\;C:\Users\bless\AppData\Local\Microsoft\WindowsApps;C:\Users\bless\AppData\Local\Programs\Microsoft VS Code\bin;C:\Users\bless\AppData\Roaming\npm;C:\Users\bless\OneDrive\Desktop;
USERNAME=bless
OS=Windows_NT
PROCESSOR_IDENTIFIER=Intel64 Family 6 Model 154 Stepping 4, GenuineIntel
TMP=C:\Users\bless\AppData\Local\Temp
TEMP=C:\Users\bless\AppData\Local\Temp




Periodic native trim disabled

---------------  S Y S T E M  ---------------

OS:
 Windows 11 , 64 bit Build 26100 (10.0.26100.4202)
OS uptime: 3 days 20:39 hours
Hyper-V role detected

CPU: total 12 (initial active 12) (6 cores per cpu, 2 threads per core) family 6 model 154 stepping 4 microcode 0x42c, cx8, cmov, fxsr, ht, mmx, 3dnowpref, sse, sse2, sse3, ssse3, sse4.1, sse4.2, popcnt, lzcnt, tsc, tscinvbit, avx, avx2, aes, erms, clmul, bmi1, bmi2, adx, sha, fma, vzeroupper, clflush, clflushopt, clwb, hv, serialize, rdtscp, rdpid, fsrm, f16c, cet_ibt, cet_ss
Processor Information for processor 0
  Max Mhz: 1300, Current Mhz: 1300, Mhz Limit: 1300
Processor Information for processor 1
  Max Mhz: 1300, Current Mhz: 1300, Mhz Limit: 1300
Processor Information for processor 2
  Max Mhz: 1300, Current Mhz: 1300, Mhz Limit: 1300
Processor Information for processor 3
  Max Mhz: 1300, Current Mhz: 1300, Mhz Limit: 1300
Processor Information for processor 4
  Max Mhz: 1300, Current Mhz: 900, Mhz Limit: 897
Processor Information for processor 5
  Max Mhz: 1300, Current Mhz: 900, Mhz Limit: 897
Processor Information for processor 6
  Max Mhz: 1300, Current Mhz: 900, Mhz Limit: 897
Processor Information for processor 7
  Max Mhz: 1300, Current Mhz: 900, Mhz Limit: 897
Processor Information for processor 8
  Max Mhz: 1300, Current Mhz: 900, Mhz Limit: 897
Processor Information for processor 9
  Max Mhz: 1300, Current Mhz: 900, Mhz Limit: 897
Processor Information for processor 10
  Max Mhz: 1300, Current Mhz: 900, Mhz Limit: 897
Processor Information for processor 11
  Max Mhz: 1300, Current Mhz: 900, Mhz Limit: 897

Memory: 4k page, system-wide physical 7860M (631M free)
TotalPageFile size 17168M (AvailPageFile size 1479M)
current process WorkingSet (physical memory assigned to process): 248M, peak: 323M
current process commit charge ("private bytes"): 295M, peak: 356M

vm_info: OpenJDK 64-Bit Server VM (21.0.7+6-LTS) for windows-amd64 JRE (21.0.7+6-LTS), built on 2025-04-15T00:00:00Z by "admin" with MS VC++ 17.7 (VS2022)

END.
